#
# There is insufficient memory for the Java Runtime Environment to continue.
# Native memory allocation (malloc) failed to allocate 2185232 bytes for Chunk::new
# Possible reasons:
#   The system is out of physical RAM or swap space
#   The process is running with CompressedOops enabled, and the Java Heap may be blocking the growth of the native heap
# Possible solutions:
#   Reduce memory load on the system
#   Increase physical memory or swap space
#   Check if swap backing store is full
#   Decrease Java heap size (-Xmx/-Xms)
#   Decrease number of Java threads
#   Decrease Java thread stack sizes (-Xss)
#   Set larger code cache with -XX:ReservedCodeCacheSize=
#   JVM is running with Unscaled Compressed Oops mode in which the Java heap is
#     placed in the first 4GB address space. The Java Heap base address is the
#     maximum limit for the native heap growth. Please use -XX:HeapBaseMinAddress
#     to set the Java Heap base and to place the Java Heap above 4GB virtual address.
# This output file may be truncated or incomplete.
#
#  Out of Memory Error (arena.cpp:189), pid=184296, tid=183904
#
# JRE version: OpenJDK Runtime Environment Temurin-17.0.5+8 (17.0.5+8) (build 17.0.5+8)
# Java VM: OpenJDK 64-Bit Server VM Temurin-17.0.5+8 (17.0.5+8, mixed mode, tiered, compressed oops, compressed class ptrs, parallel gc, windows-amd64)
# No core dump will be written. Minidumps are not enabled by default on client versions of Windows
#

---------------  S U M M A R Y ------------

Command Line: --add-modules=ALL-SYSTEM --add-opens=java.base/java.util=ALL-UNNAMED --add-opens=java.base/java.lang=ALL-UNNAMED --add-opens=java.base/sun.nio.fs=ALL-UNNAMED -Declipse.application=org.eclipse.jdt.ls.core.id1 -Dosgi.bundles.defaultStartLevel=4 -Declipse.product=org.eclipse.jdt.ls.core.product -Djava.import.generatesMetadataFilesAtProjectRoot=false -Dfile.encoding=utf8 -XX:+UseParallelGC -XX:GCTimeRatio=4 -XX:AdaptiveSizePolicyWeight=90 -Dsun.zip.disableMemoryMapping=true -Xmx1G -Xms100m -Xlog:disable -javaagent:c:\Users\Ishaan\.vscode\extensions\redhat.java-1.14.0-win32-x64\lombok\lombok-1.18.24.jar -XX:+HeapDumpOnOutOfMemoryError -XX:HeapDumpPath=c:\Users\Ishaan\AppData\Roaming\Code\User\workspaceStorage\615fe31627d19095b0b14d92e5a8fa16\redhat.java c:\Users\Ishaan\.vscode\extensions\redhat.java-1.14.0-win32-x64\server\plugins\org.eclipse.equinox.launcher_1.6.400.v20210924-0641.jar -configuration c:\Users\Ishaan\AppData\Roaming\Code\User\globalStorage\redhat.java\1.14.0\config_win -data c:\Users\Ishaan\AppData\Roaming\Code\User\workspaceStorage\615fe31627d19095b0b14d92e5a8fa16\redhat.java\jdt_ws

Host: Intel(R) Core(TM) i3-7100 CPU @ 3.90GHz, 4 cores, 15G,  Windows 10 , 64 bit Build 19041 (10.0.19041.2364)
Time: Fri Feb 10 17:25:24 2023 Eastern Standard Time elapsed time: 7.597903 seconds (0d 0h 0m 7s)

---------------  T H R E A D  ---------------

Current thread (0x0000023dae389b50):  JavaThread "C2 CompilerThread0" daemon [_thread_in_native, id=183904, stack(0x00000050b6800000,0x00000050b6900000)]


Current CompileTask:
C2:   7597 3596   !   4       org.eclipse.osgi.internal.loader.classpath.ClasspathManager::defineClass (636 bytes)

Stack: [0x00000050b6800000,0x00000050b6900000]
Native frames: (J=compiled Java code, j=interpreted, Vv=VM code, C=native code)
V  [jvm.dll+0x676b3a]
V  [jvm.dll+0x831444]
V  [jvm.dll+0x832bee]
V  [jvm.dll+0x833253]
V  [jvm.dll+0x244ce5]
V  [jvm.dll+0xabbac]
V  [jvm.dll+0xac17c]
V  [jvm.dll+0x362d57]
V  [jvm.dll+0x1bb498]
V  [jvm.dll+0x217ca9]
V  [jvm.dll+0x216f71]
V  [jvm.dll+0x1a343d]
V  [jvm.dll+0x22698a]
V  [jvm.dll+0x224ac5]
V  [jvm.dll+0x7e727b]
V  [jvm.dll+0x7e17ea]
V  [jvm.dll+0x6759e5]
C  [ucrtbase.dll+0x21bb2]
C  [KERNEL32.DLL+0x17614]
C  [ntdll.dll+0x526a1]


---------------  P R O C E S S  ---------------

Threads class SMR info:
_java_thread_list=0x0000023db54ee9f0, length=27, elements={
0x0000023d98607e70, 0x0000023dae373ca0, 0x0000023dae375530, 0x0000023dae385ab0,
0x0000023dae386630, 0x0000023dae3872a0, 0x0000023dae388dc0, 0x0000023dae389b50,
0x0000023dafd2e890, 0x0000023dafd4b930, 0x0000023dafdc55a0, 0x0000023daff5f270,
0x0000023db142e470, 0x0000023db087c240, 0x0000023db087c710, 0x0000023db1466030,
0x0000023db07cda00, 0x0000023db1592830, 0x0000023db168c700, 0x0000023db168c230,
0x0000023db168d0a0, 0x0000023db168cbd0, 0x0000023db168da40, 0x0000023db168aa20,
0x0000023db168d570, 0x0000023db168a550, 0x0000023db3f27d90
}

Java Threads: ( => current thread )
  0x0000023d98607e70 JavaThread "main" [_thread_blocked, id=178864, stack(0x00000050b5f00000,0x00000050b6000000)]
  0x0000023dae373ca0 JavaThread "Reference Handler" daemon [_thread_blocked, id=185200, stack(0x00000050b6200000,0x00000050b6300000)]
  0x0000023dae375530 JavaThread "Finalizer" daemon [_thread_blocked, id=181156, stack(0x00000050b6300000,0x00000050b6400000)]
  0x0000023dae385ab0 JavaThread "Signal Dispatcher" daemon [_thread_blocked, id=183256, stack(0x00000050b6400000,0x00000050b6500000)]
  0x0000023dae386630 JavaThread "Attach Listener" daemon [_thread_blocked, id=180956, stack(0x00000050b6500000,0x00000050b6600000)]
  0x0000023dae3872a0 JavaThread "Service Thread" daemon [_thread_blocked, id=172056, stack(0x00000050b6600000,0x00000050b6700000)]
  0x0000023dae388dc0 JavaThread "Monitor Deflation Thread" daemon [_thread_blocked, id=181000, stack(0x00000050b6700000,0x00000050b6800000)]
=>0x0000023dae389b50 JavaThread "C2 CompilerThread0" daemon [_thread_in_native, id=183904, stack(0x00000050b6800000,0x00000050b6900000)]
  0x0000023dafd2e890 JavaThread "C1 CompilerThread0" daemon [_thread_in_native, id=180888, stack(0x00000050b6900000,0x00000050b6a00000)]
  0x0000023dafd4b930 JavaThread "Sweeper thread" daemon [_thread_blocked, id=14848, stack(0x00000050b6a00000,0x00000050b6b00000)]
  0x0000023dafdc55a0 JavaThread "Common-Cleaner" daemon [_thread_blocked, id=160404, stack(0x00000050b6b00000,0x00000050b6c00000)]
  0x0000023daff5f270 JavaThread "Notification Thread" daemon [_thread_blocked, id=185236, stack(0x00000050b6c00000,0x00000050b6d00000)]
  0x0000023db142e470 JavaThread "Active Thread: Equinox Container: b9f5be83-292f-4800-be3d-f36cfdbde076" [_thread_blocked, id=158332, stack(0x00000050b7200000,0x00000050b7300000)]
  0x0000023db087c240 JavaThread "Framework Event Dispatcher: Equinox Container: b9f5be83-292f-4800-be3d-f36cfdbde076" daemon [_thread_blocked, id=164556, stack(0x00000050b7300000,0x00000050b7400000)]
  0x0000023db087c710 JavaThread "Start Level: Equinox Container: b9f5be83-292f-4800-be3d-f36cfdbde076" daemon [_thread_blocked, id=180892, stack(0x00000050b7400000,0x00000050b7500000)]
  0x0000023db1466030 JavaThread "SCR Component Actor" daemon [_thread_blocked, id=181680, stack(0x00000050b7500000,0x00000050b7600000)]
  0x0000023db07cda00 JavaThread "SCR Component Registry" daemon [_thread_blocked, id=185028, stack(0x00000050b7100000,0x00000050b7200000)]
  0x0000023db1592830 JavaThread "Worker-JM" [_thread_blocked, id=184716, stack(0x00000050b7600000,0x00000050b7700000)]
  0x0000023db168c700 JavaThread "Worker-0: Repository registry initialization" [_thread_blocked, id=185072, stack(0x00000050b7700000,0x00000050b7800000)]
  0x0000023db168c230 JavaThread "Worker-1: Updating Maven Dependencies" [_thread_in_Java, id=185140, stack(0x00000050b7800000,0x00000050b7900000)]
  0x0000023db168d0a0 JavaThread "Java indexing" daemon [_thread_blocked, id=185188, stack(0x00000050b7a00000,0x00000050b7b00000)]
  0x0000023db168cbd0 JavaThread "Worker-2" [_thread_blocked, id=184788, stack(0x00000050b7b00000,0x00000050b7c00000)]
  0x0000023db168da40 JavaThread "Worker-3" [_thread_blocked, id=184496, stack(0x00000050b7c00000,0x00000050b7d00000)]
  0x0000023db168aa20 JavaThread "JNA Cleaner" daemon [_thread_blocked, id=180292, stack(0x00000050b7d00000,0x00000050b7e00000)]
  0x0000023db168d570 JavaThread "pool-2-thread-1" [_thread_blocked, id=185312, stack(0x00000050b7e00000,0x00000050b7f00000)]
  0x0000023db168a550 JavaThread "pool-1-thread-1" [_thread_blocked, id=183996, stack(0x00000050b7f00000,0x00000050b8000000)]
  0x0000023db3f27d90 JavaThread "C2 CompilerThread1" daemon [_thread_in_native, id=173704, stack(0x00000050b7900000,0x00000050b7a00000)]

Other Threads:
  0x0000023d9868c8a0 VMThread "VM Thread" [stack: 0x00000050b6100000,0x00000050b6200000] [id=184368]
  0x0000023db0001cf0 WatcherThread [stack: 0x00000050b6d00000,0x00000050b6e00000] [id=183236]
  0x0000023d9861b8e0 GCTaskThread "GC Thread#0" [stack: 0x00000050b6000000,0x00000050b6100000] [id=184256]
  0x0000023db067ad00 GCTaskThread "GC Thread#1" [stack: 0x00000050b6e00000,0x00000050b6f00000] [id=182692]
  0x0000023db067b3c0 GCTaskThread "GC Thread#2" [stack: 0x00000050b6f00000,0x00000050b7000000] [id=183668]
  0x0000023db067b670 GCTaskThread "GC Thread#3" [stack: 0x00000050b7000000,0x00000050b7100000] [id=183564]

Threads with active compile tasks:
C2 CompilerThread0     7658 3596   !   4       org.eclipse.osgi.internal.loader.classpath.ClasspathManager::defineClass (636 bytes)
C1 CompilerThread0     7658 3873       1       com.google.inject.spi.TypeListenerBinding::getListener (5 bytes)
C2 CompilerThread1     7658 3841   !   4       java.lang.reflect.Field::declaredAnnotations (82 bytes)

VM state: not at safepoint (normal execution)

VM Mutex/Monitor currently owned by a thread:  ([mutex/lock_event])
[0x0000023d985897e0] CodeCache_lock - owner thread: 0x0000000000000000

Heap address: 0x00000000c0000000, size: 1024 MB, Compressed Oops mode: 32-bit

CDS archive(s) not mapped
Compressed class space mapped at: 0x0000000100000000-0x0000000140000000, reserved size: 1073741824
Narrow klass base: 0x0000000000000000, Narrow klass shift: 3, Narrow klass range: 0x140000000

GC Precious Log:
 CPUs: 4 total, 4 available
 Memory: 16336M
 Large Page Support: Disabled
 NUMA Support: Disabled
 Compressed Oops: Enabled (32-bit)
 Alignments: Space 512K, Generation 512K, Heap 2M
 Heap Min Capacity: 100M
 Heap Initial Capacity: 100M
 Heap Max Capacity: 1G
 Pre-touch: Disabled
 Parallel Workers: 4

Heap:
 PSYoungGen      total 23552K, used 14368K [0x00000000eab00000, 0x00000000ec600000, 0x0000000100000000)
  eden space 22528K, 59% used [0x00000000eab00000,0x00000000eb8082e8,0x00000000ec100000)
  from space 1024K, 100% used [0x00000000ec380000,0x00000000ec480000,0x00000000ec480000)
  to   space 1536K, 0% used [0x00000000ec480000,0x00000000ec480000,0x00000000ec600000)
 ParOldGen       total 68608K, used 12673K [0x00000000c0000000, 0x00000000c4300000, 0x00000000eab00000)
  object space 68608K, 18% used [0x00000000c0000000,0x00000000c0c60798,0x00000000c4300000)
 Metaspace       used 41790K, committed 42624K, reserved 1089536K
  class space    used 4498K, committed 4864K, reserved 1048576K

Card table byte_map: [0x0000023dabc60000,0x0000023dabe70000] _byte_map_base: 0x0000023dab660000

Marking Bits: (ParMarkBitMap*) 0x00007ffecd460dd0
 Begin Bits: [0x0000023dabfd0000, 0x0000023dacfd0000)
 End Bits:   [0x0000023dacfd0000, 0x0000023dadfd0000)

Polling page: 0x0000023d986c0000

Metaspace:

Usage:
  Non-class:     36.42 MB used.
      Class:      4.39 MB used.
       Both:     40.81 MB used.

Virtual space:
  Non-class space:       40.00 MB reserved,      36.88 MB ( 92%) committed,  5 nodes.
      Class space:        1.00 GB reserved,       4.75 MB ( <1%) committed,  1 nodes.
             Both:        1.04 GB reserved,      41.62 MB (  4%) committed. 

Chunk freelists:
   Non-Class:  2.78 MB
       Class:  3.09 MB
        Both:  5.88 MB

MaxMetaspaceSize: unlimited
CompressedClassSpaceSize: 1.00 GB
Initial GC threshold: 21.00 MB
Current GC threshold: 58.38 MB
CDS: off
MetaspaceReclaimPolicy: balanced
 - commit_granule_bytes: 65536.
 - commit_granule_words: 8192.
 - virtual_space_node_default_size: 1048576.
 - enlarge_chunks_in_place: 1.
 - new_chunks_are_fully_committed: 0.
 - uncommit_free_chunks: 1.
 - use_allocation_guard: 0.
 - handle_deallocations: 1.


Internal statistics:

num_allocs_failed_limit: 6.
num_arena_births: 326.
num_arena_deaths: 14.
num_vsnodes_births: 6.
num_vsnodes_deaths: 0.
num_space_committed: 666.
num_space_uncommitted: 0.
num_chunks_returned_to_freelist: 27.
num_chunks_taken_from_freelist: 1789.
num_chunk_merges: 12.
num_chunk_splits: 1142.
num_chunks_enlarged: 706.
num_purges: 2.
num_inconsistent_stats: 0.

CodeHeap 'non-profiled nmethods': size=120000Kb used=1982Kb max_used=1982Kb free=118017Kb
 bounds [0x0000023da4550000, 0x0000023da47c0000, 0x0000023daba80000]
CodeHeap 'profiled nmethods': size=120000Kb used=7993Kb max_used=7993Kb free=112006Kb
 bounds [0x0000023d9d020000, 0x0000023d9d7f0000, 0x0000023da4550000]
CodeHeap 'non-nmethods': size=5760Kb used=1261Kb max_used=1343Kb free=4498Kb
 bounds [0x0000023d9ca80000, 0x0000023d9ccf0000, 0x0000023d9d020000]
 total_blobs=4450 nmethods=3871 adapters=493
 compilation: enabled
              stopped_count=0, restarted_count=0
 full_count=0

Compilation events (20 events):
Event: 7.581 Thread 0x0000023dafd2e890 3784       3       com.google.inject.internal.Scoping::makeInjectable (47 bytes)
Event: 7.582 Thread 0x0000023dafd2e890 nmethod 3784 0x0000023d9d7ba390 code [0x0000023d9d7ba5a0, 0x0000023d9d7bac88]
Event: 7.582 Thread 0x0000023dafd2e890 3785       3       com.google.common.cache.LocalCache$Segment::scheduleRefresh (66 bytes)
Event: 7.582 Thread 0x0000023db3f27d90 3786       4       java.util.concurrent.atomic.AtomicInteger::incrementAndGet (14 bytes)
Event: 7.583 Thread 0x0000023db3f27d90 nmethod 3786 0x0000023da473c710 code [0x0000023da473c880, 0x0000023da473c918]
Event: 7.583 Thread 0x0000023dafd2e890 nmethod 3785 0x0000023d9d7baf10 code [0x0000023d9d7bb100, 0x0000023d9d7bb6f8]
Event: 7.583 Thread 0x0000023db3f27d90 3711       4       java.util.concurrent.locks.ReentrantLock::lock (8 bytes)
Event: 7.583 Thread 0x0000023dafd2e890 3781       3       java.lang.reflect.Executable::sharedGetParameterAnnotations (96 bytes)
Event: 7.584 Thread 0x0000023dafd2e890 nmethod 3781 0x0000023d9d7bb910 code [0x0000023d9d7bbba0, 0x0000023d9d7bc858]
Event: 7.584 Thread 0x0000023dafd2e890 3788   !   3       java.util.ArrayList$Itr::remove (68 bytes)
Event: 7.584 Thread 0x0000023dafd2e890 nmethod 3788 0x0000023d9d7bcd10 code [0x0000023d9d7bcf00, 0x0000023d9d7bd458]
Event: 7.584 Thread 0x0000023dafd2e890 3787       3       com.google.common.collect.ObjectArrays::checkElementNotNull (36 bytes)
Event: 7.584 Thread 0x0000023db3f27d90 nmethod 3711 0x0000023da473ca10 code [0x0000023da473cba0, 0x0000023da473ccd8]
Event: 7.584 Thread 0x0000023db3f27d90 3679       4       java.util.regex.Pattern::has (15 bytes)
Event: 7.584 Thread 0x0000023dafd2e890 nmethod 3787 0x0000023d9d7bd710 code [0x0000023d9d7bd900, 0x0000023d9d7bdbe8]
Event: 7.585 Thread 0x0000023db3f27d90 nmethod 3679 0x0000023da473ce10 code [0x0000023da473cf80, 0x0000023da473d018]
Event: 7.585 Thread 0x0000023db3f27d90 3704       4       java.util.regex.Pattern::isSupplementary (21 bytes)
Event: 7.585 Thread 0x0000023db3f27d90 nmethod 3704 0x0000023da473d110 code [0x0000023da473d280, 0x0000023da473d318]
Event: 7.586 Thread 0x0000023dafd2e890 3789       3       java.util.regex.Matcher::matches (10 bytes)
Event: 7.586 Thread 0x0000023dafd2e890 nmethod 3789 0x0000023d9d7bdd90 code [0x0000023d9d7bdf20, 0x0000023d9d7be068]

GC Heap History (20 events):
Event: 3.820 GC heap before
{Heap before GC invocations=4 (full 0):
 PSYoungGen      total 29696K, used 11466K [0x00000000eab00000, 0x00000000ecc00000, 0x0000000100000000)
  eden space 25600K, 28% used [0x00000000eab00000,0x00000000eb233ab8,0x00000000ec400000)
  from space 4096K, 99% used [0x00000000ec400000,0x00000000ec7ff008,0x00000000ec800000)
  to   space 4096K, 0% used [0x00000000ec800000,0x00000000ec800000,0x00000000ecc00000)
 ParOldGen       total 68608K, used 3747K [0x00000000c0000000, 0x00000000c4300000, 0x00000000eab00000)
  object space 68608K, 5% used [0x00000000c0000000,0x00000000c03a8f50,0x00000000c4300000)
 Metaspace       used 21056K, committed 21504K, reserved 1073152K
  class space    used 2152K, committed 2368K, reserved 1048576K
}
Event: 3.824 GC heap after
{Heap after GC invocations=4 (full 0):
 PSYoungGen      total 29696K, used 4092K [0x00000000eab00000, 0x00000000ecc00000, 0x0000000100000000)
  eden space 25600K, 0% used [0x00000000eab00000,0x00000000eab00000,0x00000000ec400000)
  from space 4096K, 99% used [0x00000000ec800000,0x00000000ecbff008,0x00000000ecc00000)
  to   space 4096K, 0% used [0x00000000ec400000,0x00000000ec400000,0x00000000ec800000)
 ParOldGen       total 68608K, used 4011K [0x00000000c0000000, 0x00000000c4300000, 0x00000000eab00000)
  object space 68608K, 5% used [0x00000000c0000000,0x00000000c03eaf50,0x00000000c4300000)
 Metaspace       used 21056K, committed 21504K, reserved 1073152K
  class space    used 2152K, committed 2368K, reserved 1048576K
}
Event: 3.824 GC heap before
{Heap before GC invocations=5 (full 1):
 PSYoungGen      total 29696K, used 4092K [0x00000000eab00000, 0x00000000ecc00000, 0x0000000100000000)
  eden space 25600K, 0% used [0x00000000eab00000,0x00000000eab00000,0x00000000ec400000)
  from space 4096K, 99% used [0x00000000ec800000,0x00000000ecbff008,0x00000000ecc00000)
  to   space 4096K, 0% used [0x00000000ec400000,0x00000000ec400000,0x00000000ec800000)
 ParOldGen       total 68608K, used 4011K [0x00000000c0000000, 0x00000000c4300000, 0x00000000eab00000)
  object space 68608K, 5% used [0x00000000c0000000,0x00000000c03eaf50,0x00000000c4300000)
 Metaspace       used 21056K, committed 21504K, reserved 1073152K
  class space    used 2152K, committed 2368K, reserved 1048576K
}
Event: 3.853 GC heap after
{Heap after GC invocations=5 (full 1):
 PSYoungGen      total 29696K, used 0K [0x00000000eab00000, 0x00000000ecc00000, 0x0000000100000000)
  eden space 25600K, 0% used [0x00000000eab00000,0x00000000eab00000,0x00000000ec400000)
  from space 4096K, 0% used [0x00000000ec800000,0x00000000ec800000,0x00000000ecc00000)
  to   space 4096K, 0% used [0x00000000ec400000,0x00000000ec400000,0x00000000ec800000)
 ParOldGen       total 68608K, used 7939K [0x00000000c0000000, 0x00000000c4300000, 0x00000000eab00000)
  object space 68608K, 11% used [0x00000000c0000000,0x00000000c07c0e58,0x00000000c4300000)
 Metaspace       used 21043K, committed 21504K, reserved 1073152K
  class space    used 2149K, committed 2368K, reserved 1048576K
}
Event: 4.407 GC heap before
{Heap before GC invocations=6 (full 1):
 PSYoungGen      total 29696K, used 25592K [0x00000000eab00000, 0x00000000ecc00000, 0x0000000100000000)
  eden space 25600K, 99% used [0x00000000eab00000,0x00000000ec3fe2f8,0x00000000ec400000)
  from space 4096K, 0% used [0x00000000ec800000,0x00000000ec800000,0x00000000ecc00000)
  to   space 4096K, 0% used [0x00000000ec400000,0x00000000ec400000,0x00000000ec800000)
 ParOldGen       total 68608K, used 7939K [0x00000000c0000000, 0x00000000c4300000, 0x00000000eab00000)
  object space 68608K, 11% used [0x00000000c0000000,0x00000000c07c0e58,0x00000000c4300000)
 Metaspace       used 24270K, committed 24896K, reserved 1073152K
  class space    used 2516K, committed 2752K, reserved 1048576K
}
Event: 4.409 GC heap after
{Heap after GC invocations=6 (full 1):
 PSYoungGen      total 28672K, used 3131K [0x00000000eab00000, 0x00000000ecb80000, 0x0000000100000000)
  eden space 25088K, 0% used [0x00000000eab00000,0x00000000eab00000,0x00000000ec380000)
  from space 3584K, 87% used [0x00000000ec400000,0x00000000ec70ecf0,0x00000000ec780000)
  to   space 4096K, 0% used [0x00000000ec780000,0x00000000ec780000,0x00000000ecb80000)
 ParOldGen       total 68608K, used 7947K [0x00000000c0000000, 0x00000000c4300000, 0x00000000eab00000)
  object space 68608K, 11% used [0x00000000c0000000,0x00000000c07c2e58,0x00000000c4300000)
 Metaspace       used 24270K, committed 24896K, reserved 1073152K
  class space    used 2516K, committed 2752K, reserved 1048576K
}
Event: 4.753 GC heap before
{Heap before GC invocations=7 (full 1):
 PSYoungGen      total 28672K, used 28219K [0x00000000eab00000, 0x00000000ecb80000, 0x0000000100000000)
  eden space 25088K, 100% used [0x00000000eab00000,0x00000000ec380000,0x00000000ec380000)
  from space 3584K, 87% used [0x00000000ec400000,0x00000000ec70ecf0,0x00000000ec780000)
  to   space 4096K, 0% used [0x00000000ec780000,0x00000000ec780000,0x00000000ecb80000)
 ParOldGen       total 68608K, used 7947K [0x00000000c0000000, 0x00000000c4300000, 0x00000000eab00000)
  object space 68608K, 11% used [0x00000000c0000000,0x00000000c07c2e58,0x00000000c4300000)
 Metaspace       used 27440K, committed 28096K, reserved 1081344K
  class space    used 2751K, committed 3008K, reserved 1048576K
}
Event: 4.754 GC heap after
{Heap after GC invocations=7 (full 1):
 PSYoungGen      total 28160K, used 3373K [0x00000000eab00000, 0x00000000ecb00000, 0x0000000100000000)
  eden space 24576K, 0% used [0x00000000eab00000,0x00000000eab00000,0x00000000ec300000)
  from space 3584K, 94% used [0x00000000ec780000,0x00000000ecacb7e8,0x00000000ecb00000)
  to   space 3584K, 0% used [0x00000000ec400000,0x00000000ec400000,0x00000000ec780000)
 ParOldGen       total 68608K, used 7955K [0x00000000c0000000, 0x00000000c4300000, 0x00000000eab00000)
  object space 68608K, 11% used [0x00000000c0000000,0x00000000c07c4e58,0x00000000c4300000)
 Metaspace       used 27440K, committed 28096K, reserved 1081344K
  class space    used 2751K, committed 3008K, reserved 1048576K
}
Event: 5.221 GC heap before
{Heap before GC invocations=8 (full 1):
 PSYoungGen      total 28160K, used 27949K [0x00000000eab00000, 0x00000000ecb00000, 0x0000000100000000)
  eden space 24576K, 100% used [0x00000000eab00000,0x00000000ec300000,0x00000000ec300000)
  from space 3584K, 94% used [0x00000000ec780000,0x00000000ecacb7e8,0x00000000ecb00000)
  to   space 3584K, 0% used [0x00000000ec400000,0x00000000ec400000,0x00000000ec780000)
 ParOldGen       total 68608K, used 7955K [0x00000000c0000000, 0x00000000c4300000, 0x00000000eab00000)
  object space 68608K, 11% used [0x00000000c0000000,0x00000000c07c4e58,0x00000000c4300000)
 Metaspace       used 31061K, committed 31808K, reserved 1081344K
  class space    used 3092K, committed 3392K, reserved 1048576K
}
Event: 5.224 GC heap after
{Heap after GC invocations=8 (full 1):
 PSYoungGen      total 27648K, used 3206K [0x00000000eab00000, 0x00000000ec980000, 0x0000000100000000)
  eden space 24064K, 0% used [0x00000000eab00000,0x00000000eab00000,0x00000000ec280000)
  from space 3584K, 89% used [0x00000000ec400000,0x00000000ec7218f8,0x00000000ec780000)
  to   space 2048K, 0% used [0x00000000ec780000,0x00000000ec780000,0x00000000ec980000)
 ParOldGen       total 68608K, used 7963K [0x00000000c0000000, 0x00000000c4300000, 0x00000000eab00000)
  object space 68608K, 11% used [0x00000000c0000000,0x00000000c07c6e58,0x00000000c4300000)
 Metaspace       used 31061K, committed 31808K, reserved 1081344K
  class space    used 3092K, committed 3392K, reserved 1048576K
}
Event: 5.845 GC heap before
{Heap before GC invocations=9 (full 1):
 PSYoungGen      total 27648K, used 27270K [0x00000000eab00000, 0x00000000ec980000, 0x0000000100000000)
  eden space 24064K, 100% used [0x00000000eab00000,0x00000000ec280000,0x00000000ec280000)
  from space 3584K, 89% used [0x00000000ec400000,0x00000000ec7218f8,0x00000000ec780000)
  to   space 2048K, 0% used [0x00000000ec780000,0x00000000ec780000,0x00000000ec980000)
 ParOldGen       total 68608K, used 7963K [0x00000000c0000000, 0x00000000c4300000, 0x00000000eab00000)
  object space 68608K, 11% used [0x00000000c0000000,0x00000000c07c6e58,0x00000000c4300000)
 Metaspace       used 34865K, committed 35584K, reserved 1081344K
  class space    used 3592K, committed 3904K, reserved 1048576K
}
Event: 5.849 GC heap after
{Heap after GC invocations=9 (full 1):
 PSYoungGen      total 25600K, used 2039K [0x00000000eab00000, 0x00000000ecb00000, 0x0000000100000000)
  eden space 23552K, 0% used [0x00000000eab00000,0x00000000eab00000,0x00000000ec200000)
  from space 2048K, 99% used [0x00000000ec780000,0x00000000ec97dcd8,0x00000000ec980000)
  to   space 4608K, 0% used [0x00000000ec200000,0x00000000ec200000,0x00000000ec680000)
 ParOldGen       total 68608K, used 10019K [0x00000000c0000000, 0x00000000c4300000, 0x00000000eab00000)
  object space 68608K, 14% used [0x00000000c0000000,0x00000000c09c8d70,0x00000000c4300000)
 Metaspace       used 34865K, committed 35584K, reserved 1081344K
  class space    used 3592K, committed 3904K, reserved 1048576K
}
Event: 5.888 GC heap before
{Heap before GC invocations=10 (full 1):
 PSYoungGen      total 25600K, used 3216K [0x00000000eab00000, 0x00000000ecb00000, 0x0000000100000000)
  eden space 23552K, 4% used [0x00000000eab00000,0x00000000eac264d8,0x00000000ec200000)
  from space 2048K, 99% used [0x00000000ec780000,0x00000000ec97dcd8,0x00000000ec980000)
  to   space 4608K, 0% used [0x00000000ec200000,0x00000000ec200000,0x00000000ec680000)
 ParOldGen       total 68608K, used 10019K [0x00000000c0000000, 0x00000000c4300000, 0x00000000eab00000)
  object space 68608K, 14% used [0x00000000c0000000,0x00000000c09c8d70,0x00000000c4300000)
 Metaspace       used 35136K, committed 35840K, reserved 1081344K
  class space    used 3606K, committed 3904K, reserved 1048576K
}
Event: 5.890 GC heap after
{Heap after GC invocations=10 (full 1):
 PSYoungGen      total 24576K, used 1008K [0x00000000eab00000, 0x00000000ec800000, 0x0000000100000000)
  eden space 23552K, 0% used [0x00000000eab00000,0x00000000eab00000,0x00000000ec200000)
  from space 1024K, 98% used [0x00000000ec200000,0x00000000ec2fc390,0x00000000ec300000)
  to   space 2560K, 0% used [0x00000000ec580000,0x00000000ec580000,0x00000000ec800000)
 ParOldGen       total 68608K, used 11220K [0x00000000c0000000, 0x00000000c4300000, 0x00000000eab00000)
  object space 68608K, 16% used [0x00000000c0000000,0x00000000c0af5168,0x00000000c4300000)
 Metaspace       used 35136K, committed 35840K, reserved 1081344K
  class space    used 3606K, committed 3904K, reserved 1048576K
}
Event: 5.890 GC heap before
{Heap before GC invocations=11 (full 2):
 PSYoungGen      total 24576K, used 1008K [0x00000000eab00000, 0x00000000ec800000, 0x0000000100000000)
  eden space 23552K, 0% used [0x00000000eab00000,0x00000000eab00000,0x00000000ec200000)
  from space 1024K, 98% used [0x00000000ec200000,0x00000000ec2fc390,0x00000000ec300000)
  to   space 2560K, 0% used [0x00000000ec580000,0x00000000ec580000,0x00000000ec800000)
 ParOldGen       total 68608K, used 11220K [0x00000000c0000000, 0x00000000c4300000, 0x00000000eab00000)
  object space 68608K, 16% used [0x00000000c0000000,0x00000000c0af5168,0x00000000c4300000)
 Metaspace       used 35136K, committed 35840K, reserved 1081344K
  class space    used 3606K, committed 3904K, reserved 1048576K
}
Event: 5.921 GC heap after
{Heap after GC invocations=11 (full 2):
 PSYoungGen      total 24576K, used 0K [0x00000000eab00000, 0x00000000ec800000, 0x0000000100000000)
  eden space 23552K, 0% used [0x00000000eab00000,0x00000000eab00000,0x00000000ec200000)
  from space 1024K, 0% used [0x00000000ec200000,0x00000000ec200000,0x00000000ec300000)
  to   space 2560K, 0% used [0x00000000ec580000,0x00000000ec580000,0x00000000ec800000)
 ParOldGen       total 68608K, used 11957K [0x00000000c0000000, 0x00000000c4300000, 0x00000000eab00000)
  object space 68608K, 17% used [0x00000000c0000000,0x00000000c0bad710,0x00000000c4300000)
 Metaspace       used 35136K, committed 35840K, reserved 1081344K
  class space    used 3606K, committed 3904K, reserved 1048576K
}
Event: 6.417 GC heap before
{Heap before GC invocations=12 (full 2):
 PSYoungGen      total 24576K, used 23552K [0x00000000eab00000, 0x00000000ec800000, 0x0000000100000000)
  eden space 23552K, 100% used [0x00000000eab00000,0x00000000ec200000,0x00000000ec200000)
  from space 1024K, 0% used [0x00000000ec200000,0x00000000ec200000,0x00000000ec300000)
  to   space 2560K, 0% used [0x00000000ec580000,0x00000000ec580000,0x00000000ec800000)
 ParOldGen       total 68608K, used 11957K [0x00000000c0000000, 0x00000000c4300000, 0x00000000eab00000)
  object space 68608K, 17% used [0x00000000c0000000,0x00000000c0bad710,0x00000000c4300000)
 Metaspace       used 37308K, committed 38080K, reserved 1089536K
  class space    used 3921K, committed 4224K, reserved 1048576K
}
Event: 6.419 GC heap after
{Heap after GC invocations=12 (full 2):
 PSYoungGen      total 24064K, used 788K [0x00000000eab00000, 0x00000000ec680000, 0x0000000100000000)
  eden space 23040K, 0% used [0x00000000eab00000,0x00000000eab00000,0x00000000ec180000)
  from space 1024K, 76% used [0x00000000ec580000,0x00000000ec645088,0x00000000ec680000)
  to   space 1536K, 0% used [0x00000000ec380000,0x00000000ec380000,0x00000000ec500000)
 ParOldGen       total 68608K, used 11965K [0x00000000c0000000, 0x00000000c4300000, 0x00000000eab00000)
  object space 68608K, 17% used [0x00000000c0000000,0x00000000c0baf710,0x00000000c4300000)
 Metaspace       used 37308K, committed 38080K, reserved 1089536K
  class space    used 3921K, committed 4224K, reserved 1048576K
}
Event: 7.191 GC heap before
{Heap before GC invocations=13 (full 2):
 PSYoungGen      total 24064K, used 23828K [0x00000000eab00000, 0x00000000ec680000, 0x0000000100000000)
  eden space 23040K, 100% used [0x00000000eab00000,0x00000000ec180000,0x00000000ec180000)
  from space 1024K, 76% used [0x00000000ec580000,0x00000000ec645088,0x00000000ec680000)
  to   space 1536K, 0% used [0x00000000ec380000,0x00000000ec380000,0x00000000ec500000)
 ParOldGen       total 68608K, used 11965K [0x00000000c0000000, 0x00000000c4300000, 0x00000000eab00000)
  object space 68608K, 17% used [0x00000000c0000000,0x00000000c0baf710,0x00000000c4300000)
 Metaspace       used 40151K, committed 40960K, reserved 1089536K
  class space    used 4274K, committed 4608K, reserved 1048576K
}
Event: 7.193 GC heap after
{Heap after GC invocations=13 (full 2):
 PSYoungGen      total 23552K, used 1024K [0x00000000eab00000, 0x00000000ec600000, 0x0000000100000000)
  eden space 22528K, 0% used [0x00000000eab00000,0x00000000eab00000,0x00000000ec100000)
  from space 1024K, 100% used [0x00000000ec380000,0x00000000ec480000,0x00000000ec480000)
  to   space 1536K, 0% used [0x00000000ec480000,0x00000000ec480000,0x00000000ec600000)
 ParOldGen       total 68608K, used 12673K [0x00000000c0000000, 0x00000000c4300000, 0x00000000eab00000)
  object space 68608K, 18% used [0x00000000c0000000,0x00000000c0c60798,0x00000000c4300000)
 Metaspace       used 40151K, committed 40960K, reserved 1089536K
  class space    used 4274K, committed 4608K, reserved 1048576K
}

Dll operation events (10 events):
Event: 0.013 Loaded shared library c:\Users\Ishaan\.vscode\extensions\redhat.java-1.14.0-win32-x64\jre\17.0.5-win32-x86_64\bin\java.dll
Event: 0.245 Loaded shared library c:\Users\Ishaan\.vscode\extensions\redhat.java-1.14.0-win32-x64\jre\17.0.5-win32-x86_64\bin\zip.dll
Event: 0.248 Loaded shared library C:\Users\Ishaan\.vscode\extensions\redhat.java-1.14.0-win32-x64\jre\17.0.5-win32-x86_64\bin\instrument.dll
Event: 0.296 Loaded shared library C:\Users\Ishaan\.vscode\extensions\redhat.java-1.14.0-win32-x64\jre\17.0.5-win32-x86_64\bin\net.dll
Event: 0.298 Loaded shared library C:\Users\Ishaan\.vscode\extensions\redhat.java-1.14.0-win32-x64\jre\17.0.5-win32-x86_64\bin\nio.dll
Event: 0.306 Loaded shared library C:\Users\Ishaan\.vscode\extensions\redhat.java-1.14.0-win32-x64\jre\17.0.5-win32-x86_64\bin\zip.dll
Event: 0.330 Loaded shared library C:\Users\Ishaan\.vscode\extensions\redhat.java-1.14.0-win32-x64\jre\17.0.5-win32-x86_64\bin\jimage.dll
Event: 0.413 Loaded shared library c:\Users\Ishaan\.vscode\extensions\redhat.java-1.14.0-win32-x64\jre\17.0.5-win32-x86_64\bin\verify.dll
Event: 2.381 Loaded shared library C:\Users\Ishaan\AppData\Roaming\Code\User\globalStorage\redhat.java\1.14.0\config_win\org.eclipse.equinox.launcher\org.eclipse.equinox.launcher.win32.win32.x86_64_1.2.700.v20221108-1024\eclipse_11801.dll
Event: 5.551 Loaded shared library C:\Users\Ishaan\AppData\Local\Temp\jna--2095639760\jna9666351384371308856.dll

Deoptimization events (20 events):
Event: 6.757 Thread 0x0000023db168c230 Uncommon trap: trap_request=0xffffffde fr.pc=0x0000023da4706028 relative=0x00000000000004a8
Event: 6.757 Thread 0x0000023db168c230 Uncommon trap: reason=class_check action=maybe_recompile pc=0x0000023da4706028 method=java.lang.reflect.Executable.declaredAnnotations()Ljava/util/Map; @ 23 c2
Event: 6.757 Thread 0x0000023db168c230 DEOPT PACKING pc=0x0000023da4706028 sp=0x00000050b78fe470
Event: 6.757 Thread 0x0000023db168c230 DEOPT UNPACKING pc=0x0000023d9cad20a3 sp=0x00000050b78fe440 mode 2
Event: 6.967 Thread 0x0000023db168a550 Uncommon trap: trap_request=0xffffff45 fr.pc=0x0000023da45c846c relative=0x00000000000001cc
Event: 6.967 Thread 0x0000023db168a550 Uncommon trap: reason=unstable_if action=reinterpret pc=0x0000023da45c846c method=java.net.URI$Parser.scan(IIJJ)I @ 42 c2
Event: 6.967 Thread 0x0000023db168a550 DEOPT PACKING pc=0x0000023da45c846c sp=0x00000050b7ffdc10
Event: 6.967 Thread 0x0000023db168a550 DEOPT UNPACKING pc=0x0000023d9cad20a3 sp=0x00000050b7ffdb90 mode 2
Event: 7.031 Thread 0x0000023db168a550 Uncommon trap: trap_request=0xffffff45 fr.pc=0x0000023da4685190 relative=0x00000000000005d0
Event: 7.031 Thread 0x0000023db168a550 Uncommon trap: reason=unstable_if action=reinterpret pc=0x0000023da4685190 method=java.util.TreeMap.put(Ljava/lang/Object;Ljava/lang/Object;Z)Ljava/lang/Object; @ 27 c2
Event: 7.031 Thread 0x0000023db168a550 DEOPT PACKING pc=0x0000023da4685190 sp=0x00000050b7ffd9f0
Event: 7.031 Thread 0x0000023db168a550 DEOPT UNPACKING pc=0x0000023d9cad20a3 sp=0x00000050b7ffd908 mode 2
Event: 7.068 Thread 0x0000023db168c230 Uncommon trap: trap_request=0xffffff45 fr.pc=0x0000023da46edfac relative=0x000000000000080c
Event: 7.068 Thread 0x0000023db168c230 Uncommon trap: reason=unstable_if action=reinterpret pc=0x0000023da46edfac method=java.util.concurrent.locks.ReentrantReadWriteLock$Sync.tryAcquireShared(I)I @ 81 c2
Event: 7.068 Thread 0x0000023db168c230 DEOPT PACKING pc=0x0000023da46edfac sp=0x00000050b78fd5c0
Event: 7.068 Thread 0x0000023db168c230 DEOPT UNPACKING pc=0x0000023d9cad20a3 sp=0x00000050b78fd228 mode 2
Event: 7.069 Thread 0x0000023db168c230 Uncommon trap: trap_request=0xffffff45 fr.pc=0x0000023da4697b48 relative=0x00000000000000c8
Event: 7.069 Thread 0x0000023db168c230 Uncommon trap: reason=unstable_if action=reinterpret pc=0x0000023da4697b48 method=java.util.concurrent.locks.ReentrantReadWriteLock$Sync.tryReleaseShared(I)Z @ 9 c2
Event: 7.069 Thread 0x0000023db168c230 DEOPT PACKING pc=0x0000023da4697b48 sp=0x00000050b78fd360
Event: 7.069 Thread 0x0000023db168c230 DEOPT UNPACKING pc=0x0000023d9cad20a3 sp=0x00000050b78fd2e0 mode 2

Classes unloaded (7 events):
Event: 3.829 Thread 0x0000023d9868c8a0 Unloading class 0x0000000100216800 'java/lang/invoke/LambdaForm$MH+0x0000000100216800'
Event: 3.829 Thread 0x0000023d9868c8a0 Unloading class 0x0000000100216400 'java/lang/invoke/LambdaForm$MH+0x0000000100216400'
Event: 3.829 Thread 0x0000023d9868c8a0 Unloading class 0x0000000100216000 'java/lang/invoke/LambdaForm$MH+0x0000000100216000'
Event: 3.829 Thread 0x0000023d9868c8a0 Unloading class 0x0000000100215c00 'java/lang/invoke/LambdaForm$MH+0x0000000100215c00'
Event: 3.829 Thread 0x0000023d9868c8a0 Unloading class 0x0000000100215400 'java/lang/invoke/LambdaForm$BMH+0x0000000100215400'
Event: 3.829 Thread 0x0000023d9868c8a0 Unloading class 0x0000000100215000 'java/lang/invoke/LambdaForm$DMH+0x0000000100215000'
Event: 3.829 Thread 0x0000023d9868c8a0 Unloading class 0x0000000100210400 'java/lang/invoke/LambdaForm$DMH+0x0000000100210400'

Classes redefined (0 events):
No events

Internal exceptions (20 events):
Event: 4.914 Thread 0x0000023db087c710 Exception <a 'java/lang/ClassNotFoundException'{0x00000000eba230a8}: com/sun/org/apache/xerces/internal/impl/msg/spi/DOMMessagesProvider> (0x00000000eba230a8) 
thrown [s\src\hotspot\share\classfile\systemDictionary.cpp, line 256]
Event: 4.918 Thread 0x0000023db087c710 Exception <a 'java/lang/ClassNotFoundException'{0x00000000eba3ecf8}: com/sun/org/apache/xerces/internal/impl/msg/spi/XMLSerializerMessagesProvider> (0x00000000eba3ecf8) 
thrown [s\src\hotspot\share\classfile\systemDictionary.cpp, line 256]
Event: 4.919 Thread 0x0000023db087c710 Exception <a 'java/lang/ClassNotFoundException'{0x00000000eba4bf30}: com/sun/org/apache/xerces/internal/impl/msg/spi/XMLMessagesProvider> (0x00000000eba4bf30) 
thrown [s\src\hotspot\share\classfile\systemDictionary.cpp, line 256]
Event: 4.955 Thread 0x0000023db087c710 Exception <a 'sun/nio/fs/WindowsException'{0x00000000ebc2ca00}> (0x00000000ebc2ca00) 
thrown [s\src\hotspot\share\prims\jni.cpp, line 516]
Event: 4.991 Thread 0x0000023db087c710 Exception <a 'java/lang/NoSuchMethodError'{0x00000000ebdf8d40}: 'java.lang.Object java.lang.invoke.DirectMethodHandle$Holder.invokeStaticInit(java.lang.Object, int, int, int, int)'> (0x00000000ebdf8d40) 
thrown [s\src\hotspot\share\interpreter\linkResolver.cpp, line 759]
Event: 5.038 Thread 0x0000023db087c710 Exception <a 'java/lang/NoSuchMethodError'{0x00000000ebe844e8}: 'java.lang.Object java.lang.invoke.DirectMethodHandle$Holder.invokeStaticInit(java.lang.Object, java.lang.Object, int, int, int, int)'> (0x00000000ebe844e8) 
thrown [s\src\hotspot\share\interpreter\linkResolver.cpp, line 759]
Event: 5.155 Thread 0x0000023db087c710 Exception <a 'java/lang/ClassNotFoundException'{0x00000000ec1cee68}: com/sun/org/apache/xml/internal/serializer/spi/XMLEntitiesProvider> (0x00000000ec1cee68) 
thrown [s\src\hotspot\share\classfile\systemDictionary.cpp, line 256]
Event: 5.312 Thread 0x0000023db168c230 Exception <a 'java/lang/NoSuchMethodError'{0x00000000eac9fc98}: 'void java.lang.invoke.DirectMethodHandle$Holder.invokeStatic(java.lang.Object, java.lang.Object, java.lang.Object, java.lang.Object)'> (0x00000000eac9fc98) 
thrown [s\src\hotspot\share\interpreter\linkResolver.cpp, line 759]
Event: 5.413 Thread 0x0000023db087c710 Exception <a 'java/io/FileNotFoundException'{0x00000000eaf2eee8}> (0x00000000eaf2eee8) 
thrown [s\src\hotspot\share\prims\jni.cpp, line 516]
Event: 5.615 Thread 0x0000023db087c710 Exception <a 'java/lang/UnsatisfiedLinkError'{0x00000000eb6d9a98}: The specified procedure could not be found.
> (0x00000000eb6d9a98) 
thrown [s\src\hotspot\share\prims\jni.cpp, line 535]
Event: 5.625 Thread 0x0000023db087c710 Exception <a 'java/io/FileNotFoundException'{0x00000000eb789a60}> (0x00000000eb789a60) 
thrown [s\src\hotspot\share\prims\jni.cpp, line 516]
Event: 5.670 Thread 0x0000023db087c710 Exception <a 'java/io/FileNotFoundException'{0x00000000eb88fba0}> (0x00000000eb88fba0) 
thrown [s\src\hotspot\share\prims\jni.cpp, line 516]
Event: 5.684 Thread 0x0000023db087c710 Exception <a 'java/lang/UnsatisfiedLinkError'{0x00000000eb980368}: The specified procedure could not be found.
> (0x00000000eb980368) 
thrown [s\src\hotspot\share\prims\jni.cpp, line 535]
Event: 5.804 Thread 0x0000023d98607e70 Exception <a 'java/lang/NoSuchMethodError'{0x00000000ec0b2388}: 'java.lang.Object java.lang.invoke.DirectMethodHandle$Holder.invokeStatic(java.lang.Object, java.lang.Object, long, java.lang.Object)'> (0x00000000ec0b2388) 
thrown [s\src\hotspot\share\interpreter\linkResolver.cpp, line 759]
Event: 5.804 Thread 0x0000023d98607e70 Exception <a 'java/lang/NoSuchMethodError'{0x00000000ec0b5e20}: 'java.lang.Object java.lang.invoke.DirectMethodHandle$Holder.invokeStaticInit(java.lang.Object, java.lang.Object, long, java.lang.Object)'> (0x00000000ec0b5e20) 
thrown [s\src\hotspot\share\interpreter\linkResolver.cpp, line 759]
Event: 5.805 Thread 0x0000023d98607e70 Exception <a 'java/lang/NoSuchMethodError'{0x00000000ec0c9950}: 'java.lang.Object java.lang.invoke.DirectMethodHandle$Holder.newInvokeSpecial(java.lang.Object, java.lang.Object, long)'> (0x00000000ec0c9950) 
thrown [s\src\hotspot\share\interpreter\linkResolver.cpp, line 759]
Event: 5.805 Thread 0x0000023d98607e70 Exception <a 'java/lang/NoSuchMethodError'{0x00000000ec0cd390}: 'java.lang.Object java.lang.invoke.Invokers$Holder.linkToTargetMethod(java.lang.Object, long, java.lang.Object)'> (0x00000000ec0cd390) 
thrown [s\src\hotspot\share\interpreter\linkResolver.cpp, line 759]
Event: 5.882 Thread 0x0000023db168c230 Exception <a 'java/lang/NoClassDefFoundError'{0x00000000eabcfb88}: javax/enterprise/inject/Typed> (0x00000000eabcfb88) 
thrown [s\src\hotspot\share\classfile\systemDictionary.cpp, line 245]
Event: 6.416 Thread 0x0000023d98607e70 Exception <a 'java/lang/NoSuchMethodError'{0x00000000ec1e8900}: 'void java.lang.invoke.DirectMethodHandle$Holder.invokeSpecial(java.lang.Object, java.lang.Object, java.lang.Object, java.lang.Object, java.lang.Object, java.lang.Object)'> (0x00000000ec1e8900) 
thrown [s\src\hotspot\share\interpreter\linkResolver.cpp, line 759]
Event: 6.970 Thread 0x0000023db168a550 Exception <a 'java/io/FileNotFoundException'{0x00000000eb894220}> (0x00000000eb894220) 
thrown [s\src\hotspot\share\prims\jni.cpp, line 516]

VM Operations (20 events):
Event: 5.844 Executing VM operation: ParallelGCFailedAllocation
Event: 5.849 Executing VM operation: ParallelGCFailedAllocation done
Event: 5.850 Executing VM operation: HandshakeAllThreads
Event: 5.850 Executing VM operation: HandshakeAllThreads done
Event: 5.850 Executing VM operation: HandshakeAllThreads
Event: 5.850 Executing VM operation: HandshakeAllThreads done
Event: 5.888 Executing VM operation: CollectForMetadataAllocation
Event: 5.921 Executing VM operation: CollectForMetadataAllocation done
Event: 6.417 Executing VM operation: ParallelGCFailedAllocation
Event: 6.419 Executing VM operation: ParallelGCFailedAllocation done
Event: 6.958 Executing VM operation: HandshakeAllThreads
Event: 6.959 Executing VM operation: HandshakeAllThreads done
Event: 6.970 Executing VM operation: HandshakeAllThreads
Event: 6.970 Executing VM operation: HandshakeAllThreads done
Event: 7.180 Executing VM operation: ParallelGCFailedAllocation
Event: 7.193 Executing VM operation: ParallelGCFailedAllocation done
Event: 7.228 Executing VM operation: HandshakeAllThreads
Event: 7.228 Executing VM operation: HandshakeAllThreads done
Event: 7.524 Executing VM operation: HandshakeAllThreads
Event: 7.524 Executing VM operation: HandshakeAllThreads done

Events (20 events):
Event: 7.069 loading class java/util/concurrent/locks/ReentrantReadWriteLock$Sync$HoldCounter
Event: 7.069 loading class java/util/concurrent/locks/ReentrantReadWriteLock$Sync$HoldCounter done
Event: 7.237 loading class sun/reflect/generics/scope/ConstructorScope
Event: 7.238 loading class sun/reflect/generics/scope/ConstructorScope done
Event: 7.238 loading class sun/reflect/generics/tree/VoidDescriptor
Event: 7.238 loading class sun/reflect/generics/tree/VoidDescriptor done
Event: 7.275 loading class java/nio/channels/SocketChannel
Event: 7.275 loading class java/nio/channels/NetworkChannel
Event: 7.275 loading class java/nio/channels/NetworkChannel done
Event: 7.275 loading class java/nio/channels/spi/AbstractSelectableChannel
Event: 7.275 loading class java/nio/channels/spi/AbstractSelectableChannel done
Event: 7.275 loading class java/nio/channels/SocketChannel done
Event: 7.276 loading class java/nio/channels/ServerSocketChannel
Event: 7.276 loading class java/nio/channels/ServerSocketChannel done
Event: 7.278 loading class javax/net/ssl/SSLSocketFactory
Event: 7.279 loading class javax/net/SocketFactory
Event: 7.279 loading class javax/net/SocketFactory done
Event: 7.279 loading class javax/net/ssl/SSLSocketFactory done
Event: 7.347 Thread 0x0000023db178d910 Thread exited: 0x0000023db178d910
Event: 7.582 Thread 0x0000023db3f27d90 Thread added: 0x0000023db3f27d90


Dynamic libraries:
0x00007ff682040000 - 0x00007ff68204e000 	c:\Users\Ishaan\.vscode\extensions\redhat.java-1.14.0-win32-x64\jre\17.0.5-win32-x86_64\bin\java.exe
0x00007fff21cf0000 - 0x00007fff21ee8000 	C:\WINDOWS\SYSTEM32\ntdll.dll
0x00007fff20460000 - 0x00007fff2051f000 	C:\WINDOWS\System32\KERNEL32.DLL
0x00007fff1f720000 - 0x00007fff1f9f2000 	C:\WINDOWS\System32\KERNELBASE.dll
0x00007fff1cce0000 - 0x00007fff1cd71000 	C:\WINDOWS\SYSTEM32\apphelp.dll
0x00007fff1f3e0000 - 0x00007fff1f4e0000 	C:\WINDOWS\System32\ucrtbase.dll
0x00007fff1a020000 - 0x00007fff1a037000 	c:\Users\Ishaan\.vscode\extensions\redhat.java-1.14.0-win32-x64\jre\17.0.5-win32-x86_64\bin\jli.dll
0x00007fff20250000 - 0x00007fff203f1000 	C:\WINDOWS\System32\USER32.dll
0x00007fff1f4e0000 - 0x00007fff1f502000 	C:\WINDOWS\System32\win32u.dll
0x00007fff21c80000 - 0x00007fff21cab000 	C:\WINDOWS\System32\GDI32.dll
0x00007fff1fa00000 - 0x00007fff1fb0f000 	C:\WINDOWS\System32\gdi32full.dll
0x00007fff1f510000 - 0x00007fff1f5ad000 	C:\WINDOWS\System32\msvcp_win.dll
0x00007fff19400000 - 0x00007fff19419000 	c:\Users\Ishaan\.vscode\extensions\redhat.java-1.14.0-win32-x64\jre\17.0.5-win32-x86_64\bin\VCRUNTIME140.dll
0x00007fff09640000 - 0x00007fff098da000 	C:\WINDOWS\WinSxS\amd64_microsoft.windows.common-controls_6595b64144ccf1df_6.0.19041.1110_none_60b5254171f9507e\COMCTL32.dll
0x00007fff205c0000 - 0x00007fff2065e000 	C:\WINDOWS\System32\msvcrt.dll
0x00007fff20df0000 - 0x00007fff20e22000 	C:\WINDOWS\System32\IMM32.DLL
0x00007fff1a880000 - 0x00007fff1a88c000 	c:\Users\Ishaan\.vscode\extensions\redhat.java-1.14.0-win32-x64\jre\17.0.5-win32-x86_64\bin\vcruntime140_1.dll
0x00007ffef6410000 - 0x00007ffef64a1000 	c:\Users\Ishaan\.vscode\extensions\redhat.java-1.14.0-win32-x64\jre\17.0.5-win32-x86_64\bin\msvcp140.dll
0x00007ffecc8e0000 - 0x00007ffecd524000 	c:\Users\Ishaan\.vscode\extensions\redhat.java-1.14.0-win32-x64\jre\17.0.5-win32-x86_64\bin\server\jvm.dll
0x00007fff21940000 - 0x00007fff219ee000 	C:\WINDOWS\System32\ADVAPI32.dll
0x00007fff20520000 - 0x00007fff205bc000 	C:\WINDOWS\System32\sechost.dll
0x00007fff20b20000 - 0x00007fff20c45000 	C:\WINDOWS\System32\RPCRT4.dll
0x00007fff10890000 - 0x00007fff10899000 	C:\WINDOWS\SYSTEM32\WSOCK32.dll
0x00007fff219f0000 - 0x00007fff21a5b000 	C:\WINDOWS\System32\WS2_32.dll
0x00007fff12d90000 - 0x00007fff12db7000 	C:\WINDOWS\SYSTEM32\WINMM.dll
0x00007fff19f80000 - 0x00007fff19f8a000 	C:\WINDOWS\SYSTEM32\VERSION.dll
0x00007fff1d2c0000 - 0x00007fff1d2d2000 	C:\WINDOWS\SYSTEM32\kernel.appcore.dll
0x00007fff19bb0000 - 0x00007fff19bba000 	c:\Users\Ishaan\.vscode\extensions\redhat.java-1.14.0-win32-x64\jre\17.0.5-win32-x86_64\bin\jimage.dll
0x00007fff18d30000 - 0x00007fff18f14000 	C:\WINDOWS\SYSTEM32\DBGHELP.DLL
0x00007fff18c30000 - 0x00007fff18c65000 	C:\WINDOWS\SYSTEM32\dbgcore.DLL
0x00007fff1fc70000 - 0x00007fff1fcf2000 	C:\WINDOWS\System32\bcryptPrimitives.dll
0x00007fff17f90000 - 0x00007fff17f9e000 	c:\Users\Ishaan\.vscode\extensions\redhat.java-1.14.0-win32-x64\jre\17.0.5-win32-x86_64\bin\instrument.dll
0x00007fff11230000 - 0x00007fff11255000 	c:\Users\Ishaan\.vscode\extensions\redhat.java-1.14.0-win32-x64\jre\17.0.5-win32-x86_64\bin\java.dll
0x00007fff12410000 - 0x00007fff12428000 	c:\Users\Ishaan\.vscode\extensions\redhat.java-1.14.0-win32-x64\jre\17.0.5-win32-x86_64\bin\zip.dll
0x00007fff20e30000 - 0x00007fff21574000 	C:\WINDOWS\System32\SHELL32.dll
0x00007fff1d4c0000 - 0x00007fff1dc52000 	C:\WINDOWS\SYSTEM32\windows.storage.dll
0x00007fff20720000 - 0x00007fff20a75000 	C:\WINDOWS\System32\combase.dll
0x00007fff1ee40000 - 0x00007fff1ee70000 	C:\WINDOWS\SYSTEM32\Wldp.dll
0x00007fff20670000 - 0x00007fff2071d000 	C:\WINDOWS\System32\SHCORE.dll
0x00007fff20400000 - 0x00007fff20455000 	C:\WINDOWS\System32\shlwapi.dll
0x00007fff1f320000 - 0x00007fff1f33f000 	C:\WINDOWS\SYSTEM32\profapi.dll
0x00007fff11270000 - 0x00007fff11289000 	C:\Users\Ishaan\.vscode\extensions\redhat.java-1.14.0-win32-x64\jre\17.0.5-win32-x86_64\bin\net.dll
0x00007fff17d70000 - 0x00007fff17e7c000 	C:\WINDOWS\SYSTEM32\WINHTTP.dll
0x00007fff1eba0000 - 0x00007fff1ec0a000 	C:\WINDOWS\system32\mswsock.dll
0x00007fff11210000 - 0x00007fff11225000 	C:\Users\Ishaan\.vscode\extensions\redhat.java-1.14.0-win32-x64\jre\17.0.5-win32-x86_64\bin\nio.dll
0x00007fff124d0000 - 0x00007fff124e0000 	c:\Users\Ishaan\.vscode\extensions\redhat.java-1.14.0-win32-x64\jre\17.0.5-win32-x86_64\bin\verify.dll
0x00007fff07e90000 - 0x00007fff07ece000 	C:\Users\Ishaan\AppData\Roaming\Code\User\globalStorage\redhat.java\1.14.0\config_win\org.eclipse.equinox.launcher\org.eclipse.equinox.launcher.win32.win32.x86_64_1.2.700.v20221108-1024\eclipse_11801.dll
0x00007fff20c50000 - 0x00007fff20d7a000 	C:\WINDOWS\System32\ole32.dll
0x00007fff1eda0000 - 0x00007fff1edb8000 	C:\WINDOWS\SYSTEM32\CRYPTSP.dll
0x00007fff1e450000 - 0x00007fff1e484000 	C:\WINDOWS\system32\rsaenh.dll
0x00007fff1fd00000 - 0x00007fff1fd27000 	C:\WINDOWS\System32\bcrypt.dll
0x00007fff1f2a0000 - 0x00007fff1f2ce000 	C:\WINDOWS\SYSTEM32\USERENV.dll
0x00007fff1ed90000 - 0x00007fff1ed9c000 	C:\WINDOWS\SYSTEM32\CRYPTBASE.dll
0x00007fff1e840000 - 0x00007fff1e87b000 	C:\WINDOWS\SYSTEM32\IPHLPAPI.DLL
0x00007fff21b40000 - 0x00007fff21b48000 	C:\WINDOWS\System32\NSI.dll
0x00007fff187f0000 - 0x00007fff18807000 	C:\WINDOWS\SYSTEM32\dhcpcsvc6.DLL
0x00007fff18d10000 - 0x00007fff18d2d000 	C:\WINDOWS\SYSTEM32\dhcpcsvc.DLL
0x00007fff1e880000 - 0x00007fff1e94a000 	C:\WINDOWS\SYSTEM32\DNSAPI.dll
0x00007fff12490000 - 0x00007fff124d0000 	C:\Users\Ishaan\AppData\Local\Temp\jna--2095639760\jna9666351384371308856.dll
0x00007fff20660000 - 0x00007fff20668000 	C:\WINDOWS\System32\PSAPI.DLL

dbghelp: loaded successfully - version: 4.0.5 - missing functions: none
symbol engine: initialized successfully - sym options: 0x614 - pdb path: .;c:\Users\Ishaan\.vscode\extensions\redhat.java-1.14.0-win32-x64\jre\17.0.5-win32-x86_64\bin;C:\WINDOWS\SYSTEM32;C:\WINDOWS\WinSxS\amd64_microsoft.windows.common-controls_6595b64144ccf1df_6.0.19041.1110_none_60b5254171f9507e;c:\Users\Ishaan\.vscode\extensions\redhat.java-1.14.0-win32-x64\jre\17.0.5-win32-x86_64\bin\server;C:\Users\Ishaan\AppData\Roaming\Code\User\globalStorage\redhat.java\1.14.0\config_win\org.eclipse.equinox.launcher\org.eclipse.equinox.launcher.win32.win32.x86_64_1.2.700.v20221108-1024;C:\Users\Ishaan\AppData\Local\Temp\jna--2095639760

VM Arguments:
jvm_args: --add-modules=ALL-SYSTEM --add-opens=java.base/java.util=ALL-UNNAMED --add-opens=java.base/java.lang=ALL-UNNAMED --add-opens=java.base/sun.nio.fs=ALL-UNNAMED -Declipse.application=org.eclipse.jdt.ls.core.id1 -Dosgi.bundles.defaultStartLevel=4 -Declipse.product=org.eclipse.jdt.ls.core.product -Djava.import.generatesMetadataFilesAtProjectRoot=false -Dfile.encoding=utf8 -XX:+UseParallelGC -XX:GCTimeRatio=4 -XX:AdaptiveSizePolicyWeight=90 -Dsun.zip.disableMemoryMapping=true -Xmx1G -Xms100m -Xlog:disable -javaagent:c:\Users\Ishaan\.vscode\extensions\redhat.java-1.14.0-win32-x64\lombok\lombok-1.18.24.jar -XX:+HeapDumpOnOutOfMemoryError -XX:HeapDumpPath=c:\Users\Ishaan\AppData\Roaming\Code\User\workspaceStorage\615fe31627d19095b0b14d92e5a8fa16\redhat.java 
java_command: c:\Users\Ishaan\.vscode\extensions\redhat.java-1.14.0-win32-x64\server\plugins\org.eclipse.equinox.launcher_1.6.400.v20210924-0641.jar -configuration c:\Users\Ishaan\AppData\Roaming\Code\User\globalStorage\redhat.java\1.14.0\config_win -data c:\Users\Ishaan\AppData\Roaming\Code\User\workspaceStorage\615fe31627d19095b0b14d92e5a8fa16\redhat.java\jdt_ws
java_class_path (initial): c:\Users\Ishaan\.vscode\extensions\redhat.java-1.14.0-win32-x64\server\plugins\org.eclipse.equinox.launcher_1.6.400.v20210924-0641.jar
Launcher Type: SUN_STANDARD

[Global flags]
    uintx AdaptiveSizePolicyWeight                 = 90                                        {product} {command line}
     intx CICompilerCount                          = 3                                         {product} {ergonomic}
    uintx GCTimeRatio                              = 4                                         {product} {command line}
     bool HeapDumpOnOutOfMemoryError               = true                                   {manageable} {command line}
    ccstr HeapDumpPath                             = c:\Users\Ishaan\AppData\Roaming\Code\User\workspaceStorage\615fe31627d19095b0b14d92e5a8fa16\redhat.java         {manageable} {command line}
   size_t InitialHeapSize                          = 104857600                                 {product} {command line}
   size_t MaxHeapSize                              = 1073741824                                {product} {command line}
   size_t MaxNewSize                               = 357564416                                 {product} {ergonomic}
   size_t MinHeapDeltaBytes                        = 524288                                    {product} {ergonomic}
   size_t MinHeapSize                              = 104857600                                 {product} {command line}
   size_t NewSize                                  = 34603008                                  {product} {ergonomic}
    uintx NonNMethodCodeHeapSize                   = 5832780                                {pd product} {ergonomic}
    uintx NonProfiledCodeHeapSize                  = 122912730                              {pd product} {ergonomic}
   size_t OldSize                                  = 70254592                                  {product} {ergonomic}
    uintx ProfiledCodeHeapSize                     = 122912730                              {pd product} {ergonomic}
    uintx ReservedCodeCacheSize                    = 251658240                              {pd product} {ergonomic}
     bool SegmentedCodeCache                       = true                                      {product} {ergonomic}
   size_t SoftMaxHeapSize                          = 1073741824                             {manageable} {ergonomic}
     bool UseCompressedClassPointers               = true                           {product lp64_product} {ergonomic}
     bool UseCompressedOops                        = true                           {product lp64_product} {ergonomic}
     bool UseLargePagesIndividualAllocation        = false                                  {pd product} {ergonomic}
     bool UseParallelGC                            = true                                      {product} {command line}

Logging:
Log output configuration:
 #0: stdout all=off uptime,level,tags
 #1: stderr all=off uptime,level,tags

Environment Variables:
PATH=C:\Python311\Scripts\;C:\Python311\;C:\Program Files\NVIDIA GPU Computing Toolkit\CUDA\v11.2\bin;C:\Program Files\NVIDIA GPU Computing Toolkit\CUDA\v11.2\libnvvp;C:\Python310\Scripts\;C:\Python310\;C:\Program Files\Common Files\Oracle\Java\javapath;C:\Program Files (x86)\Common Files\Intel\Shared Libraries\redist\intel64\compiler;C:\Python38\Scripts\;C:\Python38\;C:\Program Files (x86)\Razer\ChromaBroadcast\bin;C:\Program Files\Razer\ChromaBroadcast\bin;C:\Program Files (x86)\Common Files\Oracle\Java\javapath;C:\ProgramData\Oracle\Java\javapath;C:\Program Files (x86)\Razer Chroma SDK\bin;C:\Program Files\Razer Chroma SDK\bin;C:\Windows\system32;C:\Windows;C:\Windows\System32\Wbem;C:\Windows\System32\WindowsPowerShell\v1.0\;C:\Windows\system32\config\systemprofile\AppData\Local\Microsoft\WindowsApps;C:\WINDOWS\system32;C:\WINDOWS;C:\WINDOWS\System32\Wbem;C:\WINDOWS\System32\WindowsPowerShell\v1.0\;C:\WINDOWS\System32\OpenSSH\;D:\WEBDEV\python\Scripts\;D:\WEBDEV\python\;C:\Users\Ishaan\AppData\Local\Microsoft\WindowsApps;D:\COMPUTER THINGS\Microsoft VS Code\bin;C:\ProgramData\chocolatey\bin;C:\Program Files (x86)\dotnet\;C:\WINDOWS\system32;C:\WINDOWS;C:\WINDOWS\System32\Wbem;C:\WINDOWS\System32\WindowsPowerShell\v1.0\;C:\WINDOWS\System32\OpenSSH\;D:\PROGRAMMING\git\Git\cmd;C:\Program Files (x86)\Yarn\bin\;C:\Program Files\Git\cmd;C:\Program Files (x86)\NVIDIA Corporation\PhysX\Common;C:\Program Files\NVIDIA Corporation\NVIDIA NvDLISR;E:\Computer Files\Node\;E:\Computer Files\Installers\pscale_0.122.0_windows_amd64;C:\Program Files\GitHub CLI\;C:\Users\Ishaan\anaconda3;C:\Users\Ishaan\anaconda3\Library\mingw-w64\bin;C:\Users\Ishaan\anaconda3\Library\usr\bin;C:\Users\Ishaan\anaconda3\Library\bin;C:\Users\Ishaan\anaconda3\Scripts;C:\Users\Ishaan\AppData\Local\Programs\Python\Python39\Scripts;D:\COMPUTER THINGS\Microsoft VS Code\bin;C:\Program Files (x86)\Nmap;C:\Users\Ishaan\AppData\Local\GitHubDesktop\bin;C:\Users\Ishaan\AppData\Local\Microsoft\WindowsApps;C:\Users\I
USERNAME=Ishaan
OS=Windows_NT
PROCESSOR_IDENTIFIER=Intel64 Family 6 Model 158 Stepping 9, GenuineIntel
TMP=C:\Users\Ishaan\AppData\Local\Temp
TEMP=C:\Users\Ishaan\AppData\Local\Temp



---------------  S Y S T E M  ---------------

OS:
 Windows 10 , 64 bit Build 19041 (10.0.19041.2364)
OS uptime: 19 days 19:12 hours

CPU: total 4 (initial active 4) (2 cores per cpu, 2 threads per core) family 6 model 158 stepping 9 microcode 0xb4, cx8, cmov, fxsr, ht, mmx, 3dnowpref, sse, sse2, sse3, ssse3, sse4.1, sse4.2, popcnt, lzcnt, tsc, tscinvbit, avx, avx2, aes, erms, clmul, bmi1, bmi2, adx, fma, vzeroupper, clflush, clflushopt

Memory: 4k page, system-wide physical 16336M (624M free)
TotalPageFile size 65488M (AvailPageFile size 3M)
current process WorkingSet (physical memory assigned to process): 180M, peak: 182M
current process commit charge ("private bytes"): 269M, peak: 270M

vm_info: OpenJDK 64-Bit Server VM (17.0.5+8) for windows-amd64 JRE (17.0.5+8), built on Oct 19 2022 04:48:13 by "temurin" with MS VC++ 16.7 (VS2019)

END.
