#
# There is insufficient memory for the Java Runtime Environment to continue.
# Native memory allocation (malloc) failed to allocate 1211424 bytes for Chunk::new
# Possible reasons:
#   The system is out of physical RAM or swap space
#   The process is running with CompressedOops enabled, and the Java Heap may be blocking the growth of the native heap
# Possible solutions:
#   Reduce memory load on the system
#   Increase physical memory or swap space
#   Check if swap backing store is full
#   Decrease Java heap size (-Xmx/-Xms)
#   Decrease number of Java threads
#   Decrease Java thread stack sizes (-Xss)
#   Set larger code cache with -XX:ReservedCodeCacheSize=
#   JVM is running with Unscaled Compressed Oops mode in which the Java heap is
#     placed in the first 4GB address space. The Java Heap base address is the
#     maximum limit for the native heap growth. Please use -XX:HeapBaseMinAddress
#     to set the Java Heap base and to place the Java Heap above 4GB virtual address.
# This output file may be truncated or incomplete.
#
#  Out of Memory Error (arena.cpp:189), pid=184576, tid=185076
#
# JRE version: OpenJDK Runtime Environment Temurin-17.0.5+8 (17.0.5+8) (build 17.0.5+8)
# Java VM: OpenJDK 64-Bit Server VM Temurin-17.0.5+8 (17.0.5+8, mixed mode, tiered, compressed oops, compressed class ptrs, parallel gc, windows-amd64)
# No core dump will be written. Minidumps are not enabled by default on client versions of Windows
#

---------------  S U M M A R Y ------------

Command Line: --add-modules=ALL-SYSTEM --add-opens=java.base/java.util=ALL-UNNAMED --add-opens=java.base/java.lang=ALL-UNNAMED --add-opens=java.base/sun.nio.fs=ALL-UNNAMED -Declipse.application=org.eclipse.jdt.ls.core.id1 -Dosgi.bundles.defaultStartLevel=4 -Declipse.product=org.eclipse.jdt.ls.core.product -Djava.import.generatesMetadataFilesAtProjectRoot=false -Dfile.encoding=utf8 -XX:+UseParallelGC -XX:GCTimeRatio=4 -XX:AdaptiveSizePolicyWeight=90 -Dsun.zip.disableMemoryMapping=true -Xmx1G -Xms100m -Xlog:disable -javaagent:c:\Users\Ishaan\.vscode\extensions\redhat.java-1.14.0-win32-x64\lombok\lombok-1.18.24.jar -XX:+HeapDumpOnOutOfMemoryError -XX:HeapDumpPath=c:\Users\Ishaan\AppData\Roaming\Code\User\workspaceStorage\615fe31627d19095b0b14d92e5a8fa16\redhat.java c:\Users\Ishaan\.vscode\extensions\redhat.java-1.14.0-win32-x64\server\plugins\org.eclipse.equinox.launcher_1.6.400.v20210924-0641.jar -configuration c:\Users\Ishaan\AppData\Roaming\Code\User\globalStorage\redhat.java\1.14.0\config_win -data c:\Users\Ishaan\AppData\Roaming\Code\User\workspaceStorage\615fe31627d19095b0b14d92e5a8fa16\redhat.java\jdt_ws

Host: Intel(R) Core(TM) i3-7100 CPU @ 3.90GHz, 4 cores, 15G,  Windows 10 , 64 bit Build 19041 (10.0.19041.2364)
Time: Fri Feb 10 17:25:16 2023 Eastern Standard Time elapsed time: 33.158428 seconds (0d 0h 0m 33s)

---------------  T H R E A D  ---------------

Current thread (0x000002b79dd41320):  JavaThread "C2 CompilerThread0" daemon [_thread_in_native, id=185076, stack(0x000000f203100000,0x000000f203200000)]


Current CompileTask:
C2:  33158 5851       4       java.lang.invoke.MethodType::makeImpl (109 bytes)

Stack: [0x000000f203100000,0x000000f203200000]
Native frames: (J=compiled Java code, j=interpreted, Vv=VM code, C=native code)
V  [jvm.dll+0x676b3a]
V  [jvm.dll+0x831444]
V  [jvm.dll+0x832bee]
V  [jvm.dll+0x833253]
V  [jvm.dll+0x244ce5]
V  [jvm.dll+0xabbac]
V  [jvm.dll+0xac17c]
V  [jvm.dll+0x362d57]
V  [jvm.dll+0x32d591]
V  [jvm.dll+0x32ca3a]
V  [jvm.dll+0x217b51]
V  [jvm.dll+0x216f71]
V  [jvm.dll+0x1a343d]
V  [jvm.dll+0x22698a]
V  [jvm.dll+0x224ac5]
V  [jvm.dll+0x7e727b]
V  [jvm.dll+0x7e17ea]
V  [jvm.dll+0x6759e5]
C  [ucrtbase.dll+0x21bb2]
C  [KERNEL32.DLL+0x17614]
C  [ntdll.dll+0x526a1]


---------------  P R O C E S S  ---------------

Threads class SMR info:
_java_thread_list=0x000002b7a3c1eae0, length=26, elements={
0x000002b787fa7e70, 0x000002b79dd12020, 0x000002b79dd12f20, 0x000002b79dd3d280,
0x000002b79dd3de00, 0x000002b79dd3ea70, 0x000002b79dd40590, 0x000002b79dd41320,
0x000002b79f7083c0, 0x000002b79f70b080, 0x000002b79f792cc0, 0x000002b79fa6eef0,
0x000002b79fea8db0, 0x000002b79fdbf890, 0x000002b7a0e4c8f0, 0x000002b7a0e514a0,
0x000002b7a1166860, 0x000002b79f9c83d0, 0x000002b79f9c7f00, 0x000002b79f9caa50,
0x000002b79f9c7090, 0x000002b79f9c7560, 0x000002b79f9c7a30, 0x000002b79f9ca0b0,
0x000002b79f9ca580, 0x000002b79f9c9240
}

Java Threads: ( => current thread )
  0x000002b787fa7e70 JavaThread "main" [_thread_blocked, id=184660, stack(0x000000f202800000,0x000000f202900000)]
  0x000002b79dd12020 JavaThread "Reference Handler" daemon [_thread_blocked, id=184332, stack(0x000000f202b00000,0x000000f202c00000)]
  0x000002b79dd12f20 JavaThread "Finalizer" daemon [_thread_blocked, id=185124, stack(0x000000f202c00000,0x000000f202d00000)]
  0x000002b79dd3d280 JavaThread "Signal Dispatcher" daemon [_thread_blocked, id=184980, stack(0x000000f202d00000,0x000000f202e00000)]
  0x000002b79dd3de00 JavaThread "Attach Listener" daemon [_thread_blocked, id=185108, stack(0x000000f202e00000,0x000000f202f00000)]
  0x000002b79dd3ea70 JavaThread "Service Thread" daemon [_thread_blocked, id=184776, stack(0x000000f202f00000,0x000000f203000000)]
  0x000002b79dd40590 JavaThread "Monitor Deflation Thread" daemon [_thread_blocked, id=184992, stack(0x000000f203000000,0x000000f203100000)]
=>0x000002b79dd41320 JavaThread "C2 CompilerThread0" daemon [_thread_in_native, id=185076, stack(0x000000f203100000,0x000000f203200000)]
  0x000002b79f7083c0 JavaThread "C1 CompilerThread0" daemon [_thread_blocked, id=185004, stack(0x000000f203200000,0x000000f203300000)]
  0x000002b79f70b080 JavaThread "Sweeper thread" daemon [_thread_blocked, id=184672, stack(0x000000f203300000,0x000000f203400000)]
  0x000002b79f792cc0 JavaThread "Common-Cleaner" daemon [_thread_blocked, id=184532, stack(0x000000f203400000,0x000000f203500000)]
  0x000002b79fa6eef0 JavaThread "Notification Thread" daemon [_thread_blocked, id=184852, stack(0x000000f203500000,0x000000f203600000)]
  0x000002b79fea8db0 JavaThread "Active Thread: Equinox Container: c672bcaf-3205-4591-9f51-918979f24fb8" [_thread_blocked, id=184544, stack(0x000000f203a00000,0x000000f203b00000)]
  0x000002b79fdbf890 JavaThread "Framework Event Dispatcher: Equinox Container: c672bcaf-3205-4591-9f51-918979f24fb8" daemon [_thread_blocked, id=184924, stack(0x000000f203b00000,0x000000f203c00000)]
  0x000002b7a0e4c8f0 JavaThread "Start Level: Equinox Container: c672bcaf-3205-4591-9f51-918979f24fb8" daemon [_thread_blocked, id=185176, stack(0x000000f203c00000,0x000000f203d00000)]
  0x000002b7a0e514a0 JavaThread "SCR Component Actor" daemon [_thread_blocked, id=184524, stack(0x000000f203d00000,0x000000f203e00000)]
  0x000002b7a1166860 JavaThread "Worker-JM" [_thread_blocked, id=184644, stack(0x000000f204000000,0x000000f204100000)]
  0x000002b79f9c83d0 JavaThread "Worker-0: Initialize workspace" [_thread_blocked, id=184408, stack(0x000000f203f00000,0x000000f204000000)]
  0x000002b79f9c7f00 JavaThread "Worker-1" [_thread_blocked, id=184756, stack(0x000000f204100000,0x000000f204200000)]
  0x000002b79f9caa50 JavaThread "Worker-2" [_thread_blocked, id=184676, stack(0x000000f204200000,0x000000f204300000)]
  0x000002b79f9c7090 JavaThread "Worker-3" [_thread_blocked, id=184988, stack(0x000000f204300000,0x000000f204400000)]
  0x000002b79f9c7560 JavaThread "Java indexing" daemon [_thread_blocked, id=162996, stack(0x000000f204400000,0x000000f204500000)]
  0x000002b79f9c7a30 JavaThread "JNA Cleaner" daemon [_thread_blocked, id=146716, stack(0x000000f203e00000,0x000000f203f00000)]
  0x000002b79f9ca0b0 JavaThread "pool-2-thread-1" [_thread_blocked, id=184536, stack(0x000000f204600000,0x000000f204700000)]
  0x000002b79f9ca580 JavaThread "pool-1-thread-1" [_thread_in_Java, id=184412, stack(0x000000f204700000,0x000000f204800000)]
  0x000002b79f9c9240 JavaThread "ForkJoinPool.commonPool-worker-1" daemon [_thread_blocked, id=184904, stack(0x000000f204500000,0x000000f204600000)]

Other Threads:
  0x000002b78802c000 VMThread "VM Thread" [stack: 0x000000f202a00000,0x000000f202b00000] [id=174428]
  0x000002b79f999710 WatcherThread [stack: 0x000000f203600000,0x000000f203700000] [id=185000]
  0x000002b787fbb8e0 GCTaskThread "GC Thread#0" [stack: 0x000000f202900000,0x000000f202a00000] [id=180884]
  0x000002b79f938c00 GCTaskThread "GC Thread#1" [stack: 0x000000f203700000,0x000000f203800000] [id=181004]
  0x000002b79f939ed0 GCTaskThread "GC Thread#2" [stack: 0x000000f203800000,0x000000f203900000] [id=185308]
  0x000002b79f938eb0 GCTaskThread "GC Thread#3" [stack: 0x000000f203900000,0x000000f203a00000] [id=184612]

Threads with active compile tasks:
C2 CompilerThread0    33194 5851       4       java.lang.invoke.MethodType::makeImpl (109 bytes)

VM state: not at safepoint (normal execution)

VM Mutex/Monitor currently owned by a thread: None

Heap address: 0x00000000c0000000, size: 1024 MB, Compressed Oops mode: 32-bit

CDS archive(s) not mapped
Compressed class space mapped at: 0x0000000100000000-0x0000000140000000, reserved size: 1073741824
Narrow klass base: 0x0000000000000000, Narrow klass shift: 3, Narrow klass range: 0x140000000

GC Precious Log:
 CPUs: 4 total, 4 available
 Memory: 16336M
 Large Page Support: Disabled
 NUMA Support: Disabled
 Compressed Oops: Enabled (32-bit)
 Alignments: Space 512K, Generation 512K, Heap 2M
 Heap Min Capacity: 100M
 Heap Initial Capacity: 100M
 Heap Max Capacity: 1G
 Pre-touch: Disabled
 Parallel Workers: 4

Heap:
 PSYoungGen      total 23040K, used 3765K [0x00000000eab00000, 0x00000000ec680000, 0x0000000100000000)
  eden space 22016K, 12% used [0x00000000eab00000,0x00000000eadb3e58,0x00000000ec080000)
  from space 1024K, 97% used [0x00000000ec100000,0x00000000ec1f9880,0x00000000ec200000)
  to   space 3072K, 0% used [0x00000000ec380000,0x00000000ec380000,0x00000000ec680000)
 ParOldGen       total 68608K, used 31199K [0x00000000c0000000, 0x00000000c4300000, 0x00000000eab00000)
  object space 68608K, 45% used [0x00000000c0000000,0x00000000c1e77dc0,0x00000000c4300000)
 Metaspace       used 56530K, committed 57536K, reserved 1105920K
  class space    used 6053K, committed 6464K, reserved 1048576K

Card table byte_map: [0x000002b79b5e0000,0x000002b79b7f0000] _byte_map_base: 0x000002b79afe0000

Marking Bits: (ParMarkBitMap*) 0x00007ffecd460dd0
 Begin Bits: [0x000002b79b950000, 0x000002b79c950000)
 End Bits:   [0x000002b79c950000, 0x000002b79d950000)

Polling page: 0x000002b788060000

Metaspace:

Usage:
  Non-class:     49.29 MB used.
      Class:      5.91 MB used.
       Both:     55.21 MB used.

Virtual space:
  Non-class space:       56.00 MB reserved,      49.88 MB ( 89%) committed,  7 nodes.
      Class space:        1.00 GB reserved,       6.31 MB ( <1%) committed,  1 nodes.
             Both:        1.05 GB reserved,      56.19 MB (  5%) committed. 

Chunk freelists:
   Non-Class:  2.11 MB
       Class:  1.59 MB
        Both:  3.70 MB

MaxMetaspaceSize: unlimited
CompressedClassSpaceSize: 1.00 GB
Initial GC threshold: 21.00 MB
Current GC threshold: 58.38 MB
CDS: off
MetaspaceReclaimPolicy: balanced
 - commit_granule_bytes: 65536.
 - commit_granule_words: 8192.
 - virtual_space_node_default_size: 1048576.
 - enlarge_chunks_in_place: 1.
 - new_chunks_are_fully_committed: 0.
 - uncommit_free_chunks: 1.
 - use_allocation_guard: 0.
 - handle_deallocations: 1.


Internal statistics:

num_allocs_failed_limit: 6.
num_arena_births: 408.
num_arena_deaths: 14.
num_vsnodes_births: 8.
num_vsnodes_deaths: 0.
num_space_committed: 899.
num_space_uncommitted: 0.
num_chunks_returned_to_freelist: 20.
num_chunks_taken_from_freelist: 2564.
num_chunk_merges: 10.
num_chunk_splits: 1643.
num_chunks_enlarged: 1022.
num_purges: 2.
num_inconsistent_stats: 0.

CodeHeap 'non-profiled nmethods': size=120000Kb used=2880Kb max_used=2905Kb free=117119Kb
 bounds [0x000002b793ec0000, 0x000002b7941a0000, 0x000002b79b3f0000]
CodeHeap 'profiled nmethods': size=120000Kb used=10788Kb max_used=11059Kb free=109211Kb
 bounds [0x000002b78c990000, 0x000002b78d4c0000, 0x000002b793ec0000]
CodeHeap 'non-nmethods': size=5760Kb used=1319Kb max_used=1353Kb free=4440Kb
 bounds [0x000002b78c3f0000, 0x000002b78c660000, 0x000002b78c990000]
 total_blobs=5694 nmethods=5034 adapters=572
 compilation: enabled
              stopped_count=0, restarted_count=0
 full_count=0

Compilation events (20 events):
Event: 32.941 Thread 0x000002b79dd41320 5847       4       org.eclipse.jdt.internal.core.JavaElement::escapeMementoName (200 bytes)
Event: 32.941 Thread 0x000002b79f7083c0 5848       1       org.eclipse.jdt.internal.compiler.lookup.ReferenceBinding::getPackage (5 bytes)
Event: 32.942 Thread 0x000002b79f7083c0 nmethod 5848 0x000002b793f30810 code [0x000002b793f309a0, 0x000002b793f30a78]
Event: 32.962 Thread 0x000002b79dd41320 nmethod 5847 0x000002b793f2ea10 code [0x000002b793f2ec00, 0x000002b793f2ff70]
Event: 33.040 Thread 0x000002b79f7083c0 5850       3       org.eclipse.jdt.internal.compiler.codegen.ConstantPool::writeU1 (38 bytes)
Event: 33.041 Thread 0x000002b79f7083c0 nmethod 5850 0x000002b78ccf8e10 code [0x000002b78ccf8fc0, 0x000002b78ccf91a8]
Event: 33.053 Thread 0x000002b79dd41320 5851       4       java.lang.invoke.MethodType::makeImpl (109 bytes)
Event: 33.059 Thread 0x000002b79f7083c0 5852       3       java.lang.invoke.Invokers::callSiteForm (308 bytes)
Event: 33.060 Thread 0x000002b79f7083c0 nmethod 5852 0x000002b78cc9c390 code [0x000002b78cc9c6a0, 0x000002b78cc9db48]
Event: 33.060 Thread 0x000002b79f7083c0 5854       3       java.lang.invoke.MethodHandles$Lookup::maybeBindCaller (72 bytes)
Event: 33.061 Thread 0x000002b79f7083c0 nmethod 5854 0x000002b78ccf8010 code [0x000002b78ccf8240, 0x000002b78ccf8ae8]
Event: 33.061 Thread 0x000002b79f7083c0 5855   !   3       java.lang.invoke.BootstrapMethodInvoker::invoke (974 bytes)
Event: 33.067 Thread 0x000002b79f7083c0 nmethod 5855 0x000002b78cc74090 code [0x000002b78cc74920, 0x000002b78cc7bb18]
Event: 33.067 Thread 0x000002b79f7083c0 5856       3       java.lang.invoke.MethodHandleNatives::staticArgumentsPulled (5 bytes)
Event: 33.068 Thread 0x000002b79f7083c0 nmethod 5856 0x000002b78cc9bf90 code [0x000002b78cc9c120, 0x000002b78cc9c2f8]
Event: 33.068 Thread 0x000002b79f7083c0 5857       3       java.lang.invoke.BootstrapMethodInvoker::widenAndCast (47 bytes)
Event: 33.068 Thread 0x000002b79f7083c0 nmethod 5857 0x000002b78cc9b090 code [0x000002b78cc9b300, 0x000002b78cc9bc78]
Event: 33.069 Thread 0x000002b79f7083c0 5858       3       java.lang.invoke.MethodHandles$Lookup::resolveOrFail (48 bytes)
Event: 33.070 Thread 0x000002b79f7083c0 nmethod 5858 0x000002b78ccf2a10 code [0x000002b78ccf2c40, 0x000002b78ccf32c8]
Event: 33.156 Thread 0x000002b79f7083c0 5859       3       org.eclipse.jdt.internal.compiler.lookup.BinaryTypeBinding::resolveType (207 bytes)

GC Heap History (20 events):
Event: 21.692 GC heap before
{Heap before GC invocations=16 (full 2):
 PSYoungGen      total 24064K, used 23808K [0x00000000eab00000, 0x00000000ec580000, 0x0000000100000000)
  eden space 22016K, 100% used [0x00000000eab00000,0x00000000ec080000,0x00000000ec080000)
  from space 2048K, 87% used [0x00000000ec080000,0x00000000ec240020,0x00000000ec280000)
  to   space 2560K, 0% used [0x00000000ec300000,0x00000000ec300000,0x00000000ec580000)
 ParOldGen       total 68608K, used 16242K [0x00000000c0000000, 0x00000000c4300000, 0x00000000eab00000)
  object space 68608K, 23% used [0x00000000c0000000,0x00000000c0fdca80,0x00000000c4300000)
 Metaspace       used 46245K, committed 47104K, reserved 1097728K
  class space    used 5011K, committed 5376K, reserved 1048576K
}
Event: 21.695 GC heap after
{Heap after GC invocations=16 (full 2):
 PSYoungGen      total 24576K, used 2144K [0x00000000eab00000, 0x00000000ec580000, 0x0000000100000000)
  eden space 22016K, 0% used [0x00000000eab00000,0x00000000eab00000,0x00000000ec080000)
  from space 2560K, 83% used [0x00000000ec300000,0x00000000ec518010,0x00000000ec580000)
  to   space 2560K, 0% used [0x00000000ec080000,0x00000000ec080000,0x00000000ec300000)
 ParOldGen       total 68608K, used 17957K [0x00000000c0000000, 0x00000000c4300000, 0x00000000eab00000)
  object space 68608K, 26% used [0x00000000c0000000,0x00000000c1189498,0x00000000c4300000)
 Metaspace       used 46245K, committed 47104K, reserved 1097728K
  class space    used 5011K, committed 5376K, reserved 1048576K
}
Event: 21.884 GC heap before
{Heap before GC invocations=17 (full 2):
 PSYoungGen      total 24576K, used 24160K [0x00000000eab00000, 0x00000000ec580000, 0x0000000100000000)
  eden space 22016K, 100% used [0x00000000eab00000,0x00000000ec080000,0x00000000ec080000)
  from space 2560K, 83% used [0x00000000ec300000,0x00000000ec518010,0x00000000ec580000)
  to   space 2560K, 0% used [0x00000000ec080000,0x00000000ec080000,0x00000000ec300000)
 ParOldGen       total 68608K, used 17957K [0x00000000c0000000, 0x00000000c4300000, 0x00000000eab00000)
  object space 68608K, 26% used [0x00000000c0000000,0x00000000c1189498,0x00000000c4300000)
 Metaspace       used 46306K, committed 47104K, reserved 1097728K
  class space    used 5023K, committed 5376K, reserved 1048576K
}
Event: 21.890 GC heap after
{Heap after GC invocations=17 (full 2):
 PSYoungGen      total 24576K, used 2528K [0x00000000eab00000, 0x00000000eca80000, 0x0000000100000000)
  eden space 22016K, 0% used [0x00000000eab00000,0x00000000eab00000,0x00000000ec080000)
  from space 2560K, 98% used [0x00000000ec080000,0x00000000ec2f8020,0x00000000ec300000)
  to   space 5120K, 0% used [0x00000000ec580000,0x00000000ec580000,0x00000000eca80000)
 ParOldGen       total 68608K, used 20005K [0x00000000c0000000, 0x00000000c4300000, 0x00000000eab00000)
  object space 68608K, 29% used [0x00000000c0000000,0x00000000c1389498,0x00000000c4300000)
 Metaspace       used 46306K, committed 47104K, reserved 1097728K
  class space    used 5023K, committed 5376K, reserved 1048576K
}
Event: 22.077 GC heap before
{Heap before GC invocations=18 (full 2):
 PSYoungGen      total 24576K, used 24544K [0x00000000eab00000, 0x00000000eca80000, 0x0000000100000000)
  eden space 22016K, 100% used [0x00000000eab00000,0x00000000ec080000,0x00000000ec080000)
  from space 2560K, 98% used [0x00000000ec080000,0x00000000ec2f8020,0x00000000ec300000)
  to   space 5120K, 0% used [0x00000000ec580000,0x00000000ec580000,0x00000000eca80000)
 ParOldGen       total 68608K, used 20005K [0x00000000c0000000, 0x00000000c4300000, 0x00000000eab00000)
  object space 68608K, 29% used [0x00000000c0000000,0x00000000c1389498,0x00000000c4300000)
 Metaspace       used 46306K, committed 47104K, reserved 1097728K
  class space    used 5023K, committed 5376K, reserved 1048576K
}
Event: 22.084 GC heap after
{Heap after GC invocations=18 (full 2):
 PSYoungGen      total 24576K, used 2336K [0x00000000eab00000, 0x00000000ec800000, 0x0000000100000000)
  eden space 22016K, 0% used [0x00000000eab00000,0x00000000eab00000,0x00000000ec080000)
  from space 2560K, 91% used [0x00000000ec580000,0x00000000ec7c8000,0x00000000ec800000)
  to   space 3584K, 0% used [0x00000000ec100000,0x00000000ec100000,0x00000000ec480000)
 ParOldGen       total 68608K, used 22528K [0x00000000c0000000, 0x00000000c4300000, 0x00000000eab00000)
  object space 68608K, 32% used [0x00000000c0000000,0x00000000c16000d0,0x00000000c4300000)
 Metaspace       used 46306K, committed 47104K, reserved 1097728K
  class space    used 5023K, committed 5376K, reserved 1048576K
}
Event: 22.186 GC heap before
{Heap before GC invocations=19 (full 2):
 PSYoungGen      total 24576K, used 24352K [0x00000000eab00000, 0x00000000ec800000, 0x0000000100000000)
  eden space 22016K, 100% used [0x00000000eab00000,0x00000000ec080000,0x00000000ec080000)
  from space 2560K, 91% used [0x00000000ec580000,0x00000000ec7c8000,0x00000000ec800000)
  to   space 3584K, 0% used [0x00000000ec100000,0x00000000ec100000,0x00000000ec480000)
 ParOldGen       total 68608K, used 22528K [0x00000000c0000000, 0x00000000c4300000, 0x00000000eab00000)
  object space 68608K, 32% used [0x00000000c0000000,0x00000000c16000d0,0x00000000c4300000)
 Metaspace       used 46306K, committed 47104K, reserved 1097728K
  class space    used 5023K, committed 5376K, reserved 1048576K
}
Event: 22.190 GC heap after
{Heap after GC invocations=19 (full 2):
 PSYoungGen      total 24576K, used 2432K [0x00000000eab00000, 0x00000000ec600000, 0x0000000100000000)
  eden space 22016K, 0% used [0x00000000eab00000,0x00000000eab00000,0x00000000ec080000)
  from space 2560K, 95% used [0x00000000ec100000,0x00000000ec360010,0x00000000ec380000)
  to   space 2560K, 0% used [0x00000000ec380000,0x00000000ec380000,0x00000000ec600000)
 ParOldGen       total 68608K, used 24824K [0x00000000c0000000, 0x00000000c4300000, 0x00000000eab00000)
  object space 68608K, 36% used [0x00000000c0000000,0x00000000c183e0d0,0x00000000c4300000)
 Metaspace       used 46306K, committed 47104K, reserved 1097728K
  class space    used 5023K, committed 5376K, reserved 1048576K
}
Event: 22.650 GC heap before
{Heap before GC invocations=20 (full 2):
 PSYoungGen      total 24576K, used 24448K [0x00000000eab00000, 0x00000000ec600000, 0x0000000100000000)
  eden space 22016K, 100% used [0x00000000eab00000,0x00000000ec080000,0x00000000ec080000)
  from space 2560K, 95% used [0x00000000ec100000,0x00000000ec360010,0x00000000ec380000)
  to   space 2560K, 0% used [0x00000000ec380000,0x00000000ec380000,0x00000000ec600000)
 ParOldGen       total 68608K, used 24824K [0x00000000c0000000, 0x00000000c4300000, 0x00000000eab00000)
  object space 68608K, 36% used [0x00000000c0000000,0x00000000c183e0d0,0x00000000c4300000)
 Metaspace       used 48075K, committed 48832K, reserved 1097728K
  class space    used 5191K, committed 5568K, reserved 1048576K
}
Event: 22.653 GC heap after
{Heap after GC invocations=20 (full 2):
 PSYoungGen      total 24064K, used 2006K [0x00000000eab00000, 0x00000000ec580000, 0x0000000100000000)
  eden space 22016K, 0% used [0x00000000eab00000,0x00000000eab00000,0x00000000ec080000)
  from space 2048K, 97% used [0x00000000ec380000,0x00000000ec575a78,0x00000000ec580000)
  to   space 2560K, 0% used [0x00000000ec080000,0x00000000ec080000,0x00000000ec300000)
 ParOldGen       total 68608K, used 27208K [0x00000000c0000000, 0x00000000c4300000, 0x00000000eab00000)
  object space 68608K, 39% used [0x00000000c0000000,0x00000000c1a920e0,0x00000000c4300000)
 Metaspace       used 48075K, committed 48832K, reserved 1097728K
  class space    used 5191K, committed 5568K, reserved 1048576K
}
Event: 23.787 GC heap before
{Heap before GC invocations=21 (full 2):
 PSYoungGen      total 24064K, used 24022K [0x00000000eab00000, 0x00000000ec580000, 0x0000000100000000)
  eden space 22016K, 100% used [0x00000000eab00000,0x00000000ec080000,0x00000000ec080000)
  from space 2048K, 97% used [0x00000000ec380000,0x00000000ec575a78,0x00000000ec580000)
  to   space 2560K, 0% used [0x00000000ec080000,0x00000000ec080000,0x00000000ec300000)
 ParOldGen       total 68608K, used 27208K [0x00000000c0000000, 0x00000000c4300000, 0x00000000eab00000)
  object space 68608K, 39% used [0x00000000c0000000,0x00000000c1a920e0,0x00000000c4300000)
 Metaspace       used 49497K, committed 50368K, reserved 1097728K
  class space    used 5371K, committed 5760K, reserved 1048576K
}
Event: 23.789 GC heap after
{Heap after GC invocations=21 (full 2):
 PSYoungGen      total 22528K, used 512K [0x00000000eab00000, 0x00000000ec400000, 0x0000000100000000)
  eden space 22016K, 0% used [0x00000000eab00000,0x00000000eab00000,0x00000000ec080000)
  from space 512K, 100% used [0x00000000ec080000,0x00000000ec100000,0x00000000ec100000)
  to   space 1536K, 0% used [0x00000000ec280000,0x00000000ec280000,0x00000000ec400000)
 ParOldGen       total 68608K, used 29213K [0x00000000c0000000, 0x00000000c4300000, 0x00000000eab00000)
  object space 68608K, 42% used [0x00000000c0000000,0x00000000c1c87448,0x00000000c4300000)
 Metaspace       used 49497K, committed 50368K, reserved 1097728K
  class space    used 5371K, committed 5760K, reserved 1048576K
}
Event: 24.574 GC heap before
{Heap before GC invocations=22 (full 2):
 PSYoungGen      total 22528K, used 22528K [0x00000000eab00000, 0x00000000ec400000, 0x0000000100000000)
  eden space 22016K, 100% used [0x00000000eab00000,0x00000000ec080000,0x00000000ec080000)
  from space 512K, 100% used [0x00000000ec080000,0x00000000ec100000,0x00000000ec100000)
  to   space 1536K, 0% used [0x00000000ec280000,0x00000000ec280000,0x00000000ec400000)
 ParOldGen       total 68608K, used 29213K [0x00000000c0000000, 0x00000000c4300000, 0x00000000eab00000)
  object space 68608K, 42% used [0x00000000c0000000,0x00000000c1c87448,0x00000000c4300000)
 Metaspace       used 50660K, committed 51520K, reserved 1097728K
  class space    used 5435K, committed 5824K, reserved 1048576K
}
Event: 24.575 GC heap after
{Heap after GC invocations=22 (full 2):
 PSYoungGen      total 23552K, used 1491K [0x00000000eab00000, 0x00000000ec480000, 0x0000000100000000)
  eden space 22016K, 0% used [0x00000000eab00000,0x00000000eab00000,0x00000000ec080000)
  from space 1536K, 97% used [0x00000000ec280000,0x00000000ec3f4f80,0x00000000ec400000)
  to   space 2048K, 0% used [0x00000000ec080000,0x00000000ec080000,0x00000000ec280000)
 ParOldGen       total 68608K, used 29680K [0x00000000c0000000, 0x00000000c4300000, 0x00000000eab00000)
  object space 68608K, 43% used [0x00000000c0000000,0x00000000c1cfc128,0x00000000c4300000)
 Metaspace       used 50660K, committed 51520K, reserved 1097728K
  class space    used 5435K, committed 5824K, reserved 1048576K
}
Event: 25.406 GC heap before
{Heap before GC invocations=23 (full 2):
 PSYoungGen      total 23552K, used 23507K [0x00000000eab00000, 0x00000000ec480000, 0x0000000100000000)
  eden space 22016K, 100% used [0x00000000eab00000,0x00000000ec080000,0x00000000ec080000)
  from space 1536K, 97% used [0x00000000ec280000,0x00000000ec3f4f80,0x00000000ec400000)
  to   space 2048K, 0% used [0x00000000ec080000,0x00000000ec080000,0x00000000ec280000)
 ParOldGen       total 68608K, used 29680K [0x00000000c0000000, 0x00000000c4300000, 0x00000000eab00000)
  object space 68608K, 43% used [0x00000000c0000000,0x00000000c1cfc128,0x00000000c4300000)
 Metaspace       used 51716K, committed 52544K, reserved 1097728K
  class space    used 5531K, committed 5952K, reserved 1048576K
}
Event: 25.407 GC heap after
{Heap after GC invocations=23 (full 2):
 PSYoungGen      total 22528K, used 128K [0x00000000eab00000, 0x00000000ec300000, 0x0000000100000000)
  eden space 22016K, 0% used [0x00000000eab00000,0x00000000eab00000,0x00000000ec080000)
  from space 512K, 25% used [0x00000000ec080000,0x00000000ec0a0000,0x00000000ec100000)
  to   space 1024K, 0% used [0x00000000ec200000,0x00000000ec200000,0x00000000ec300000)
 ParOldGen       total 68608K, used 29824K [0x00000000c0000000, 0x00000000c4300000, 0x00000000eab00000)
  object space 68608K, 43% used [0x00000000c0000000,0x00000000c1d20128,0x00000000c4300000)
 Metaspace       used 51716K, committed 52544K, reserved 1097728K
  class space    used 5531K, committed 5952K, reserved 1048576K
}
Event: 31.689 GC heap before
{Heap before GC invocations=24 (full 2):
 PSYoungGen      total 22528K, used 22144K [0x00000000eab00000, 0x00000000ec300000, 0x0000000100000000)
  eden space 22016K, 100% used [0x00000000eab00000,0x00000000ec080000,0x00000000ec080000)
  from space 512K, 25% used [0x00000000ec080000,0x00000000ec0a0000,0x00000000ec100000)
  to   space 1024K, 0% used [0x00000000ec200000,0x00000000ec200000,0x00000000ec300000)
 ParOldGen       total 68608K, used 29824K [0x00000000c0000000, 0x00000000c4300000, 0x00000000eab00000)
  object space 68608K, 43% used [0x00000000c0000000,0x00000000c1d20128,0x00000000c4300000)
 Metaspace       used 52848K, committed 53760K, reserved 1097728K
  class space    used 5672K, committed 6080K, reserved 1048576K
}
Event: 31.691 GC heap after
{Heap after GC invocations=24 (full 2):
 PSYoungGen      total 23040K, used 784K [0x00000000eab00000, 0x00000000ec300000, 0x0000000100000000)
  eden space 22016K, 0% used [0x00000000eab00000,0x00000000eab00000,0x00000000ec080000)
  from space 1024K, 76% used [0x00000000ec200000,0x00000000ec2c43c0,0x00000000ec300000)
  to   space 1024K, 0% used [0x00000000ec100000,0x00000000ec100000,0x00000000ec200000)
 ParOldGen       total 68608K, used 29880K [0x00000000c0000000, 0x00000000c4300000, 0x00000000eab00000)
  object space 68608K, 43% used [0x00000000c0000000,0x00000000c1d2e128,0x00000000c4300000)
 Metaspace       used 52848K, committed 53760K, reserved 1097728K
  class space    used 5672K, committed 6080K, reserved 1048576K
}
Event: 32.826 GC heap before
{Heap before GC invocations=25 (full 2):
 PSYoungGen      total 23040K, used 22800K [0x00000000eab00000, 0x00000000ec300000, 0x0000000100000000)
  eden space 22016K, 100% used [0x00000000eab00000,0x00000000ec080000,0x00000000ec080000)
  from space 1024K, 76% used [0x00000000ec200000,0x00000000ec2c43c0,0x00000000ec300000)
  to   space 1024K, 0% used [0x00000000ec100000,0x00000000ec100000,0x00000000ec200000)
 ParOldGen       total 68608K, used 29880K [0x00000000c0000000, 0x00000000c4300000, 0x00000000eab00000)
  object space 68608K, 43% used [0x00000000c0000000,0x00000000c1d2e128,0x00000000c4300000)
 Metaspace       used 56183K, committed 57088K, reserved 1105920K
  class space    used 6008K, committed 6400K, reserved 1048576K
}
Event: 32.831 GC heap after
{Heap after GC invocations=25 (full 2):
 PSYoungGen      total 23040K, used 998K [0x00000000eab00000, 0x00000000ec680000, 0x0000000100000000)
  eden space 22016K, 0% used [0x00000000eab00000,0x00000000eab00000,0x00000000ec080000)
  from space 1024K, 97% used [0x00000000ec100000,0x00000000ec1f9880,0x00000000ec200000)
  to   space 3072K, 0% used [0x00000000ec380000,0x00000000ec380000,0x00000000ec680000)
 ParOldGen       total 68608K, used 31199K [0x00000000c0000000, 0x00000000c4300000, 0x00000000eab00000)
  object space 68608K, 45% used [0x00000000c0000000,0x00000000c1e77dc0,0x00000000c4300000)
 Metaspace       used 56183K, committed 57088K, reserved 1105920K
  class space    used 6008K, committed 6400K, reserved 1048576K
}

Dll operation events (10 events):
Event: 0.016 Loaded shared library c:\Users\Ishaan\.vscode\extensions\redhat.java-1.14.0-win32-x64\jre\17.0.5-win32-x86_64\bin\java.dll
Event: 0.641 Loaded shared library c:\Users\Ishaan\.vscode\extensions\redhat.java-1.14.0-win32-x64\jre\17.0.5-win32-x86_64\bin\zip.dll
Event: 0.645 Loaded shared library C:\Users\Ishaan\.vscode\extensions\redhat.java-1.14.0-win32-x64\jre\17.0.5-win32-x86_64\bin\instrument.dll
Event: 0.711 Loaded shared library C:\Users\Ishaan\.vscode\extensions\redhat.java-1.14.0-win32-x64\jre\17.0.5-win32-x86_64\bin\net.dll
Event: 0.719 Loaded shared library C:\Users\Ishaan\.vscode\extensions\redhat.java-1.14.0-win32-x64\jre\17.0.5-win32-x86_64\bin\nio.dll
Event: 0.734 Loaded shared library C:\Users\Ishaan\.vscode\extensions\redhat.java-1.14.0-win32-x64\jre\17.0.5-win32-x86_64\bin\zip.dll
Event: 0.808 Loaded shared library C:\Users\Ishaan\.vscode\extensions\redhat.java-1.14.0-win32-x64\jre\17.0.5-win32-x86_64\bin\jimage.dll
Event: 0.992 Loaded shared library c:\Users\Ishaan\.vscode\extensions\redhat.java-1.14.0-win32-x64\jre\17.0.5-win32-x86_64\bin\verify.dll
Event: 4.983 Loaded shared library C:\Users\Ishaan\AppData\Roaming\Code\User\globalStorage\redhat.java\1.14.0\config_win\org.eclipse.equinox.launcher\org.eclipse.equinox.launcher.win32.win32.x86_64_1.2.700.v20221108-1024\eclipse_11801.dll
Event: 17.384 Loaded shared library C:\Users\Ishaan\AppData\Local\Temp\jna--2095639760\jna11787955618234770183.dll

Deoptimization events (20 events):
Event: 32.388 Thread 0x000002b79f9ca580 DEOPT PACKING pc=0x000002b79414a97c sp=0x000000f2047fd6d0
Event: 32.388 Thread 0x000002b79f9ca580 DEOPT UNPACKING pc=0x000002b78c4420a3 sp=0x000000f2047fd668 mode 2
Event: 32.388 Thread 0x000002b79f9ca580 Uncommon trap: trap_request=0xffffff45 fr.pc=0x000002b7940fa918 relative=0x0000000000000e18
Event: 32.388 Thread 0x000002b79f9ca580 Uncommon trap: reason=unstable_if action=reinterpret pc=0x000002b7940fa918 method=org.eclipse.jdt.internal.core.util.Util.splitOn(CLjava/lang/String;II)[Ljava/lang/String; @ 16 c2
Event: 32.388 Thread 0x000002b79f9ca580 DEOPT PACKING pc=0x000002b7940fa918 sp=0x000000f2047fcbc0
Event: 32.388 Thread 0x000002b79f9ca580 DEOPT UNPACKING pc=0x000002b78c4420a3 sp=0x000000f2047fcba0 mode 2
Event: 32.521 Thread 0x000002b79f9ca580 DEOPT PACKING pc=0x000002b78cc81ec4 sp=0x000000f2047fb4c0
Event: 32.524 Thread 0x000002b79f9ca580 DEOPT UNPACKING pc=0x000002b78c442843 sp=0x000000f2047faa40 mode 0
Event: 32.904 Thread 0x000002b79f9ca580 Uncommon trap: trap_request=0xffffffd6 fr.pc=0x000002b793f27868 relative=0x0000000000000748
Event: 32.904 Thread 0x000002b79f9ca580 Uncommon trap: reason=array_check action=maybe_recompile pc=0x000002b793f27868 method=java.util.TimSort.binarySort([Ljava/lang/Object;IIILjava/util/Comparator;)V @ 183 c2
Event: 32.904 Thread 0x000002b79f9ca580 DEOPT PACKING pc=0x000002b793f27868 sp=0x000000f2047fce80
Event: 32.904 Thread 0x000002b79f9ca580 DEOPT UNPACKING pc=0x000002b78c4420a3 sp=0x000000f2047fce18 mode 2
Event: 32.908 Thread 0x000002b79f9ca580 Uncommon trap: trap_request=0xffffffd6 fr.pc=0x000002b793f27868 relative=0x0000000000000748
Event: 32.908 Thread 0x000002b79f9ca580 Uncommon trap: reason=array_check action=maybe_recompile pc=0x000002b793f27868 method=java.util.TimSort.binarySort([Ljava/lang/Object;IIILjava/util/Comparator;)V @ 183 c2
Event: 32.908 Thread 0x000002b79f9ca580 DEOPT PACKING pc=0x000002b793f27868 sp=0x000000f2047fbb70
Event: 32.908 Thread 0x000002b79f9ca580 DEOPT UNPACKING pc=0x000002b78c4420a3 sp=0x000000f2047fbb08 mode 2
Event: 32.920 Thread 0x000002b79f9ca580 Uncommon trap: trap_request=0xffffff45 fr.pc=0x000002b7940e4738 relative=0x0000000000000198
Event: 32.920 Thread 0x000002b79f9ca580 Uncommon trap: reason=unstable_if action=reinterpret pc=0x000002b7940e4738 method=java.lang.String.regionMatches(ILjava/lang/String;II)Z @ 115 c2
Event: 32.920 Thread 0x000002b79f9ca580 DEOPT PACKING pc=0x000002b7940e4738 sp=0x000000f2047fc8e0
Event: 32.920 Thread 0x000002b79f9ca580 DEOPT UNPACKING pc=0x000002b78c4420a3 sp=0x000000f2047fc880 mode 2

Classes unloaded (7 events):
Event: 6.627 Thread 0x000002b78802c000 Unloading class 0x0000000100216400 'java/lang/invoke/LambdaForm$MH+0x0000000100216400'
Event: 6.627 Thread 0x000002b78802c000 Unloading class 0x0000000100216000 'java/lang/invoke/LambdaForm$MH+0x0000000100216000'
Event: 6.627 Thread 0x000002b78802c000 Unloading class 0x0000000100215c00 'java/lang/invoke/LambdaForm$MH+0x0000000100215c00'
Event: 6.627 Thread 0x000002b78802c000 Unloading class 0x0000000100215800 'java/lang/invoke/LambdaForm$MH+0x0000000100215800'
Event: 6.627 Thread 0x000002b78802c000 Unloading class 0x0000000100215000 'java/lang/invoke/LambdaForm$BMH+0x0000000100215000'
Event: 6.627 Thread 0x000002b78802c000 Unloading class 0x0000000100214c00 'java/lang/invoke/LambdaForm$DMH+0x0000000100214c00'
Event: 6.627 Thread 0x000002b78802c000 Unloading class 0x0000000100212000 'java/lang/invoke/LambdaForm$DMH+0x0000000100212000'

Classes redefined (0 events):
No events

Internal exceptions (20 events):
Event: 31.953 Thread 0x000002b79f9ca580 Exception <a 'java/lang/NullPointerException'{0x00000000eb305318}> (0x00000000eb305318) 
thrown [s\src\hotspot\share\interpreter\linkResolver.cpp, line 1350]
Event: 31.954 Thread 0x000002b79f9ca580 Exception <a 'java/lang/NullPointerException'{0x00000000eb306070}> (0x00000000eb306070) 
thrown [s\src\hotspot\share\interpreter\linkResolver.cpp, line 1350]
Event: 31.954 Thread 0x000002b79f9ca580 Exception <a 'java/lang/NullPointerException'{0x00000000eb306968}> (0x00000000eb306968) 
thrown [s\src\hotspot\share\interpreter\linkResolver.cpp, line 1350]
Event: 31.954 Thread 0x000002b79f9ca580 Exception <a 'java/lang/NullPointerException'{0x00000000eb307a70}> (0x00000000eb307a70) 
thrown [s\src\hotspot\share\interpreter\linkResolver.cpp, line 1350]
Event: 31.954 Thread 0x000002b79f9ca580 Exception <a 'java/lang/NullPointerException'{0x00000000eb308b80}> (0x00000000eb308b80) 
thrown [s\src\hotspot\share\interpreter\linkResolver.cpp, line 1350]
Event: 31.955 Thread 0x000002b79f9ca580 Exception <a 'java/lang/NullPointerException'{0x00000000eb30a018}> (0x00000000eb30a018) 
thrown [s\src\hotspot\share\interpreter\linkResolver.cpp, line 1350]
Event: 31.956 Thread 0x000002b79f9ca580 Exception <a 'java/lang/NullPointerException'{0x00000000eb30c8a8}> (0x00000000eb30c8a8) 
thrown [s\src\hotspot\share\interpreter\linkResolver.cpp, line 1350]
Event: 32.075 Thread 0x000002b79f9ca580 Exception <a 'java/lang/NoSuchMethodError'{0x00000000eb77e630}: 'int java.lang.invoke.DirectMethodHandle$Holder.invokeStatic(java.lang.Object, java.lang.Object, java.lang.Object, int)'> (0x00000000eb77e630) 
thrown [s\src\hotspot\share\interpreter\linkResolver.cpp, line 759]
Event: 32.134 Thread 0x000002b79f9ca580 Exception <a 'java/lang/NoSuchMethodError'{0x00000000eb8362b8}: 'int java.lang.invoke.DirectMethodHandle$Holder.invokeVirtual(java.lang.Object, java.lang.Object, java.lang.Object)'> (0x00000000eb8362b8) 
thrown [s\src\hotspot\share\interpreter\linkResolver.cpp, line 759]
Event: 32.158 Thread 0x000002b79f9ca580 Exception <a 'java/lang/NoSuchMethodError'{0x00000000eb856ae8}: 'int java.lang.invoke.DirectMethodHandle$Holder.invokeSpecialIFC(java.lang.Object, java.lang.Object, java.lang.Object)'> (0x00000000eb856ae8) 
thrown [s\src\hotspot\share\interpreter\linkResolver.cpp, line 759]
Event: 32.274 Thread 0x000002b79f9ca580 Exception <a 'java/io/FileNotFoundException'{0x00000000ebab1930}> (0x00000000ebab1930) 
thrown [s\src\hotspot\share\prims\jni.cpp, line 516]
Event: 32.351 Thread 0x000002b79f9ca580 Exception <a 'java/lang/NoClassDefFoundError'{0x00000000ebbf8c70}: org/eclipse/jdt/internal/core/CompilationUnit> (0x00000000ebbf8c70) 
thrown [s\src\hotspot\share\classfile\systemDictionary.cpp, line 245]
Event: 32.375 Thread 0x000002b79f9ca580 Exception <a 'java/lang/NullPointerException'{0x00000000ebbfc880}> (0x00000000ebbfc880) 
thrown [s\src\hotspot\share\interpreter\linkResolver.cpp, line 1350]
Event: 32.377 Thread 0x000002b79f9ca580 Exception <a 'java/lang/NullPointerException'{0x00000000ebc04300}> (0x00000000ebc04300) 
thrown [s\src\hotspot\share\interpreter\linkResolver.cpp, line 1350]
Event: 32.378 Thread 0x000002b79f9ca580 Exception <a 'java/lang/NullPointerException'{0x00000000ebc04ae0}> (0x00000000ebc04ae0) 
thrown [s\src\hotspot\share\interpreter\linkResolver.cpp, line 1350]
Event: 32.378 Thread 0x000002b79f9ca580 Exception <a 'java/lang/NullPointerException'{0x00000000ebc05180}> (0x00000000ebc05180) 
thrown [s\src\hotspot\share\interpreter\linkResolver.cpp, line 1350]
Event: 32.379 Thread 0x000002b79f9ca580 Exception <a 'java/lang/NullPointerException'{0x00000000ebc05b68}> (0x00000000ebc05b68) 
thrown [s\src\hotspot\share\interpreter\linkResolver.cpp, line 1350]
Event: 32.380 Thread 0x000002b79f9ca580 Exception <a 'java/lang/NullPointerException'{0x00000000ebc06550}> (0x00000000ebc06550) 
thrown [s\src\hotspot\share\interpreter\linkResolver.cpp, line 1350]
Event: 32.380 Thread 0x000002b79f9ca580 Exception <a 'java/lang/NullPointerException'{0x00000000ebc07100}> (0x00000000ebc07100) 
thrown [s\src\hotspot\share\interpreter\linkResolver.cpp, line 1350]
Event: 32.381 Thread 0x000002b79f9ca580 Exception <a 'java/lang/NullPointerException'{0x00000000ebc08478}> (0x00000000ebc08478) 
thrown [s\src\hotspot\share\interpreter\linkResolver.cpp, line 1350]

VM Operations (20 events):
Event: 31.135 Executing VM operation: HandshakeAllThreads
Event: 31.135 Executing VM operation: HandshakeAllThreads done
Event: 31.135 Executing VM operation: Cleanup
Event: 31.135 Executing VM operation: Cleanup done
Event: 31.137 Executing VM operation: HandshakeAllThreads
Event: 31.137 Executing VM operation: HandshakeAllThreads done
Event: 31.376 Executing VM operation: HandshakeAllThreads
Event: 31.376 Executing VM operation: HandshakeAllThreads done
Event: 31.689 Executing VM operation: ParallelGCFailedAllocation
Event: 31.691 Executing VM operation: ParallelGCFailedAllocation done
Event: 31.837 Executing VM operation: HandshakeAllThreads
Event: 31.837 Executing VM operation: HandshakeAllThreads done
Event: 31.928 Executing VM operation: HandshakeAllThreads
Event: 31.928 Executing VM operation: HandshakeAllThreads done
Event: 31.983 Executing VM operation: HandshakeAllThreads
Event: 31.983 Executing VM operation: HandshakeAllThreads done
Event: 32.168 Executing VM operation: HandshakeAllThreads
Event: 32.168 Executing VM operation: HandshakeAllThreads done
Event: 32.826 Executing VM operation: ParallelGCFailedAllocation
Event: 32.831 Executing VM operation: ParallelGCFailedAllocation done

Events (20 events):
Event: 31.908 loading class sun/nio/cs/ThreadLocalCoders$2
Event: 31.908 loading class sun/nio/cs/ThreadLocalCoders$2 done
Event: 31.987 loading class java/util/Hashtable$ValueCollection
Event: 31.987 loading class java/util/Hashtable$ValueCollection done
Event: 31.990 loading class java/util/WeakHashMap$KeyIterator
Event: 31.990 loading class java/util/WeakHashMap$KeyIterator done
Event: 32.009 loading class java/lang/UnsupportedClassVersionError
Event: 32.009 loading class java/lang/UnsupportedClassVersionError done
Event: 32.016 loading class jdk/internal/reflect/UnsafeQualifiedStaticIntegerFieldAccessorImpl
Event: 32.016 loading class jdk/internal/reflect/UnsafeQualifiedStaticIntegerFieldAccessorImpl done
Event: 32.073 Thread 0x000002b7a358b7d0 Thread added: 0x000002b7a358b7d0
Event: 32.150 loading class java/util/stream/ReduceOps$4
Event: 32.150 loading class java/util/stream/ReduceOps$4 done
Event: 32.150 loading class java/util/stream/ReduceOps$4ReducingSink
Event: 32.150 loading class java/util/stream/ReduceOps$4ReducingSink done
Event: 32.287 Thread 0x000002b7a358b7d0 Thread exited: 0x000002b7a358b7d0
Event: 32.288 loading class java/util/concurrent/ForkJoinTask$AdaptedCallable
Event: 32.288 loading class java/util/concurrent/ForkJoinTask$AdaptedCallable done
Event: 32.288 loading class java/util/concurrent/CountedCompleter
Event: 32.288 loading class java/util/concurrent/CountedCompleter done


Dynamic libraries:
0x00007ff682040000 - 0x00007ff68204e000 	c:\Users\Ishaan\.vscode\extensions\redhat.java-1.14.0-win32-x64\jre\17.0.5-win32-x86_64\bin\java.exe
0x00007fff21cf0000 - 0x00007fff21ee8000 	C:\WINDOWS\SYSTEM32\ntdll.dll
0x00007fff20460000 - 0x00007fff2051f000 	C:\WINDOWS\System32\KERNEL32.DLL
0x00007fff1f720000 - 0x00007fff1f9f2000 	C:\WINDOWS\System32\KERNELBASE.dll
0x00007fff1cce0000 - 0x00007fff1cd71000 	C:\WINDOWS\SYSTEM32\apphelp.dll
0x00007fff1f3e0000 - 0x00007fff1f4e0000 	C:\WINDOWS\System32\ucrtbase.dll
0x00007fff1a020000 - 0x00007fff1a037000 	c:\Users\Ishaan\.vscode\extensions\redhat.java-1.14.0-win32-x64\jre\17.0.5-win32-x86_64\bin\jli.dll
0x00007fff20250000 - 0x00007fff203f1000 	C:\WINDOWS\System32\USER32.dll
0x00007fff1f4e0000 - 0x00007fff1f502000 	C:\WINDOWS\System32\win32u.dll
0x00007fff21c80000 - 0x00007fff21cab000 	C:\WINDOWS\System32\GDI32.dll
0x00007fff1fa00000 - 0x00007fff1fb0f000 	C:\WINDOWS\System32\gdi32full.dll
0x00007fff1f510000 - 0x00007fff1f5ad000 	C:\WINDOWS\System32\msvcp_win.dll
0x00007fff19400000 - 0x00007fff19419000 	c:\Users\Ishaan\.vscode\extensions\redhat.java-1.14.0-win32-x64\jre\17.0.5-win32-x86_64\bin\VCRUNTIME140.dll
0x00007fff09640000 - 0x00007fff098da000 	C:\WINDOWS\WinSxS\amd64_microsoft.windows.common-controls_6595b64144ccf1df_6.0.19041.1110_none_60b5254171f9507e\COMCTL32.dll
0x00007fff205c0000 - 0x00007fff2065e000 	C:\WINDOWS\System32\msvcrt.dll
0x00007fff20df0000 - 0x00007fff20e22000 	C:\WINDOWS\System32\IMM32.DLL
0x00007fff1a880000 - 0x00007fff1a88c000 	c:\Users\Ishaan\.vscode\extensions\redhat.java-1.14.0-win32-x64\jre\17.0.5-win32-x86_64\bin\vcruntime140_1.dll
0x00007ffef6410000 - 0x00007ffef64a1000 	c:\Users\Ishaan\.vscode\extensions\redhat.java-1.14.0-win32-x64\jre\17.0.5-win32-x86_64\bin\msvcp140.dll
0x00007ffecc8e0000 - 0x00007ffecd524000 	c:\Users\Ishaan\.vscode\extensions\redhat.java-1.14.0-win32-x64\jre\17.0.5-win32-x86_64\bin\server\jvm.dll
0x00007fff21940000 - 0x00007fff219ee000 	C:\WINDOWS\System32\ADVAPI32.dll
0x00007fff20520000 - 0x00007fff205bc000 	C:\WINDOWS\System32\sechost.dll
0x00007fff20b20000 - 0x00007fff20c45000 	C:\WINDOWS\System32\RPCRT4.dll
0x00007fff10890000 - 0x00007fff10899000 	C:\WINDOWS\SYSTEM32\WSOCK32.dll
0x00007fff219f0000 - 0x00007fff21a5b000 	C:\WINDOWS\System32\WS2_32.dll
0x00007fff12d90000 - 0x00007fff12db7000 	C:\WINDOWS\SYSTEM32\WINMM.dll
0x00007fff19f80000 - 0x00007fff19f8a000 	C:\WINDOWS\SYSTEM32\VERSION.dll
0x00007fff1d2c0000 - 0x00007fff1d2d2000 	C:\WINDOWS\SYSTEM32\kernel.appcore.dll
0x00007fff19bb0000 - 0x00007fff19bba000 	c:\Users\Ishaan\.vscode\extensions\redhat.java-1.14.0-win32-x64\jre\17.0.5-win32-x86_64\bin\jimage.dll
0x00007fff18d30000 - 0x00007fff18f14000 	C:\WINDOWS\SYSTEM32\DBGHELP.DLL
0x00007fff18c30000 - 0x00007fff18c65000 	C:\WINDOWS\SYSTEM32\dbgcore.DLL
0x00007fff1fc70000 - 0x00007fff1fcf2000 	C:\WINDOWS\System32\bcryptPrimitives.dll
0x00007fff17f90000 - 0x00007fff17f9e000 	c:\Users\Ishaan\.vscode\extensions\redhat.java-1.14.0-win32-x64\jre\17.0.5-win32-x86_64\bin\instrument.dll
0x00007fff11230000 - 0x00007fff11255000 	c:\Users\Ishaan\.vscode\extensions\redhat.java-1.14.0-win32-x64\jre\17.0.5-win32-x86_64\bin\java.dll
0x00007fff12410000 - 0x00007fff12428000 	c:\Users\Ishaan\.vscode\extensions\redhat.java-1.14.0-win32-x64\jre\17.0.5-win32-x86_64\bin\zip.dll
0x00007fff20e30000 - 0x00007fff21574000 	C:\WINDOWS\System32\SHELL32.dll
0x00007fff1d4c0000 - 0x00007fff1dc52000 	C:\WINDOWS\SYSTEM32\windows.storage.dll
0x00007fff20720000 - 0x00007fff20a75000 	C:\WINDOWS\System32\combase.dll
0x00007fff1ee40000 - 0x00007fff1ee70000 	C:\WINDOWS\SYSTEM32\Wldp.dll
0x00007fff20670000 - 0x00007fff2071d000 	C:\WINDOWS\System32\SHCORE.dll
0x00007fff20400000 - 0x00007fff20455000 	C:\WINDOWS\System32\shlwapi.dll
0x00007fff1f320000 - 0x00007fff1f33f000 	C:\WINDOWS\SYSTEM32\profapi.dll
0x00007fff11270000 - 0x00007fff11289000 	C:\Users\Ishaan\.vscode\extensions\redhat.java-1.14.0-win32-x64\jre\17.0.5-win32-x86_64\bin\net.dll
0x00007fff17d70000 - 0x00007fff17e7c000 	C:\WINDOWS\SYSTEM32\WINHTTP.dll
0x00007fff1eba0000 - 0x00007fff1ec0a000 	C:\WINDOWS\system32\mswsock.dll
0x00007fff11210000 - 0x00007fff11225000 	C:\Users\Ishaan\.vscode\extensions\redhat.java-1.14.0-win32-x64\jre\17.0.5-win32-x86_64\bin\nio.dll
0x00007fff124d0000 - 0x00007fff124e0000 	c:\Users\Ishaan\.vscode\extensions\redhat.java-1.14.0-win32-x64\jre\17.0.5-win32-x86_64\bin\verify.dll
0x00007fff07e90000 - 0x00007fff07ece000 	C:\Users\Ishaan\AppData\Roaming\Code\User\globalStorage\redhat.java\1.14.0\config_win\org.eclipse.equinox.launcher\org.eclipse.equinox.launcher.win32.win32.x86_64_1.2.700.v20221108-1024\eclipse_11801.dll
0x00007fff20c50000 - 0x00007fff20d7a000 	C:\WINDOWS\System32\ole32.dll
0x00007fff1eda0000 - 0x00007fff1edb8000 	C:\WINDOWS\SYSTEM32\CRYPTSP.dll
0x00007fff1e450000 - 0x00007fff1e484000 	C:\WINDOWS\system32\rsaenh.dll
0x00007fff1fd00000 - 0x00007fff1fd27000 	C:\WINDOWS\System32\bcrypt.dll
0x00007fff1f2a0000 - 0x00007fff1f2ce000 	C:\WINDOWS\SYSTEM32\USERENV.dll
0x00007fff1ed90000 - 0x00007fff1ed9c000 	C:\WINDOWS\SYSTEM32\CRYPTBASE.dll
0x00007fff1e840000 - 0x00007fff1e87b000 	C:\WINDOWS\SYSTEM32\IPHLPAPI.DLL
0x00007fff21b40000 - 0x00007fff21b48000 	C:\WINDOWS\System32\NSI.dll
0x00007fff187f0000 - 0x00007fff18807000 	C:\WINDOWS\SYSTEM32\dhcpcsvc6.DLL
0x00007fff18d10000 - 0x00007fff18d2d000 	C:\WINDOWS\SYSTEM32\dhcpcsvc.DLL
0x00007fff1e880000 - 0x00007fff1e94a000 	C:\WINDOWS\SYSTEM32\DNSAPI.dll
0x00007fff11180000 - 0x00007fff111c0000 	C:\Users\Ishaan\AppData\Local\Temp\jna--2095639760\jna11787955618234770183.dll
0x00007fff20660000 - 0x00007fff20668000 	C:\WINDOWS\System32\PSAPI.DLL

dbghelp: loaded successfully - version: 4.0.5 - missing functions: none
symbol engine: initialized successfully - sym options: 0x614 - pdb path: .;c:\Users\Ishaan\.vscode\extensions\redhat.java-1.14.0-win32-x64\jre\17.0.5-win32-x86_64\bin;C:\WINDOWS\SYSTEM32;C:\WINDOWS\WinSxS\amd64_microsoft.windows.common-controls_6595b64144ccf1df_6.0.19041.1110_none_60b5254171f9507e;c:\Users\Ishaan\.vscode\extensions\redhat.java-1.14.0-win32-x64\jre\17.0.5-win32-x86_64\bin\server;C:\Users\Ishaan\AppData\Roaming\Code\User\globalStorage\redhat.java\1.14.0\config_win\org.eclipse.equinox.launcher\org.eclipse.equinox.launcher.win32.win32.x86_64_1.2.700.v20221108-1024;C:\Users\Ishaan\AppData\Local\Temp\jna--2095639760

VM Arguments:
jvm_args: --add-modules=ALL-SYSTEM --add-opens=java.base/java.util=ALL-UNNAMED --add-opens=java.base/java.lang=ALL-UNNAMED --add-opens=java.base/sun.nio.fs=ALL-UNNAMED -Declipse.application=org.eclipse.jdt.ls.core.id1 -Dosgi.bundles.defaultStartLevel=4 -Declipse.product=org.eclipse.jdt.ls.core.product -Djava.import.generatesMetadataFilesAtProjectRoot=false -Dfile.encoding=utf8 -XX:+UseParallelGC -XX:GCTimeRatio=4 -XX:AdaptiveSizePolicyWeight=90 -Dsun.zip.disableMemoryMapping=true -Xmx1G -Xms100m -Xlog:disable -javaagent:c:\Users\Ishaan\.vscode\extensions\redhat.java-1.14.0-win32-x64\lombok\lombok-1.18.24.jar -XX:+HeapDumpOnOutOfMemoryError -XX:HeapDumpPath=c:\Users\Ishaan\AppData\Roaming\Code\User\workspaceStorage\615fe31627d19095b0b14d92e5a8fa16\redhat.java 
java_command: c:\Users\Ishaan\.vscode\extensions\redhat.java-1.14.0-win32-x64\server\plugins\org.eclipse.equinox.launcher_1.6.400.v20210924-0641.jar -configuration c:\Users\Ishaan\AppData\Roaming\Code\User\globalStorage\redhat.java\1.14.0\config_win -data c:\Users\Ishaan\AppData\Roaming\Code\User\workspaceStorage\615fe31627d19095b0b14d92e5a8fa16\redhat.java\jdt_ws
java_class_path (initial): c:\Users\Ishaan\.vscode\extensions\redhat.java-1.14.0-win32-x64\server\plugins\org.eclipse.equinox.launcher_1.6.400.v20210924-0641.jar
Launcher Type: SUN_STANDARD

[Global flags]
    uintx AdaptiveSizePolicyWeight                 = 90                                        {product} {command line}
     intx CICompilerCount                          = 3                                         {product} {ergonomic}
    uintx GCTimeRatio                              = 4                                         {product} {command line}
     bool HeapDumpOnOutOfMemoryError               = true                                   {manageable} {command line}
    ccstr HeapDumpPath                             = c:\Users\Ishaan\AppData\Roaming\Code\User\workspaceStorage\615fe31627d19095b0b14d92e5a8fa16\redhat.java         {manageable} {command line}
   size_t InitialHeapSize                          = 104857600                                 {product} {command line}
   size_t MaxHeapSize                              = 1073741824                                {product} {command line}
   size_t MaxNewSize                               = 357564416                                 {product} {ergonomic}
   size_t MinHeapDeltaBytes                        = 524288                                    {product} {ergonomic}
   size_t MinHeapSize                              = 104857600                                 {product} {command line}
   size_t NewSize                                  = 34603008                                  {product} {ergonomic}
    uintx NonNMethodCodeHeapSize                   = 5832780                                {pd product} {ergonomic}
    uintx NonProfiledCodeHeapSize                  = 122912730                              {pd product} {ergonomic}
   size_t OldSize                                  = 70254592                                  {product} {ergonomic}
    uintx ProfiledCodeHeapSize                     = 122912730                              {pd product} {ergonomic}
    uintx ReservedCodeCacheSize                    = 251658240                              {pd product} {ergonomic}
     bool SegmentedCodeCache                       = true                                      {product} {ergonomic}
   size_t SoftMaxHeapSize                          = 1073741824                             {manageable} {ergonomic}
     bool UseCompressedClassPointers               = true                           {product lp64_product} {ergonomic}
     bool UseCompressedOops                        = true                           {product lp64_product} {ergonomic}
     bool UseLargePagesIndividualAllocation        = false                                  {pd product} {ergonomic}
     bool UseParallelGC                            = true                                      {product} {command line}

Logging:
Log output configuration:
 #0: stdout all=off uptime,level,tags
 #1: stderr all=off uptime,level,tags

Environment Variables:
PATH=C:\Python311\Scripts\;C:\Python311\;C:\Program Files\NVIDIA GPU Computing Toolkit\CUDA\v11.2\bin;C:\Program Files\NVIDIA GPU Computing Toolkit\CUDA\v11.2\libnvvp;C:\Python310\Scripts\;C:\Python310\;C:\Program Files\Common Files\Oracle\Java\javapath;C:\Program Files (x86)\Common Files\Intel\Shared Libraries\redist\intel64\compiler;C:\Python38\Scripts\;C:\Python38\;C:\Program Files (x86)\Razer\ChromaBroadcast\bin;C:\Program Files\Razer\ChromaBroadcast\bin;C:\Program Files (x86)\Common Files\Oracle\Java\javapath;C:\ProgramData\Oracle\Java\javapath;C:\Program Files (x86)\Razer Chroma SDK\bin;C:\Program Files\Razer Chroma SDK\bin;C:\Windows\system32;C:\Windows;C:\Windows\System32\Wbem;C:\Windows\System32\WindowsPowerShell\v1.0\;C:\Windows\system32\config\systemprofile\AppData\Local\Microsoft\WindowsApps;C:\WINDOWS\system32;C:\WINDOWS;C:\WINDOWS\System32\Wbem;C:\WINDOWS\System32\WindowsPowerShell\v1.0\;C:\WINDOWS\System32\OpenSSH\;D:\WEBDEV\python\Scripts\;D:\WEBDEV\python\;C:\Users\Ishaan\AppData\Local\Microsoft\WindowsApps;D:\COMPUTER THINGS\Microsoft VS Code\bin;C:\ProgramData\chocolatey\bin;C:\Program Files (x86)\dotnet\;C:\WINDOWS\system32;C:\WINDOWS;C:\WINDOWS\System32\Wbem;C:\WINDOWS\System32\WindowsPowerShell\v1.0\;C:\WINDOWS\System32\OpenSSH\;D:\PROGRAMMING\git\Git\cmd;C:\Program Files (x86)\Yarn\bin\;C:\Program Files\Git\cmd;C:\Program Files (x86)\NVIDIA Corporation\PhysX\Common;C:\Program Files\NVIDIA Corporation\NVIDIA NvDLISR;E:\Computer Files\Node\;E:\Computer Files\Installers\pscale_0.122.0_windows_amd64;C:\Program Files\GitHub CLI\;C:\Users\Ishaan\anaconda3;C:\Users\Ishaan\anaconda3\Library\mingw-w64\bin;C:\Users\Ishaan\anaconda3\Library\usr\bin;C:\Users\Ishaan\anaconda3\Library\bin;C:\Users\Ishaan\anaconda3\Scripts;C:\Users\Ishaan\AppData\Local\Programs\Python\Python39\Scripts;D:\COMPUTER THINGS\Microsoft VS Code\bin;C:\Program Files (x86)\Nmap;C:\Users\Ishaan\AppData\Local\GitHubDesktop\bin;C:\Users\Ishaan\AppData\Local\Microsoft\WindowsApps;C:\Users\I
USERNAME=Ishaan
OS=Windows_NT
PROCESSOR_IDENTIFIER=Intel64 Family 6 Model 158 Stepping 9, GenuineIntel
TMP=C:\Users\Ishaan\AppData\Local\Temp
TEMP=C:\Users\Ishaan\AppData\Local\Temp



---------------  S Y S T E M  ---------------

OS:
 Windows 10 , 64 bit Build 19041 (10.0.19041.2364)
OS uptime: 19 days 19:12 hours

CPU: total 4 (initial active 4) (2 cores per cpu, 2 threads per core) family 6 model 158 stepping 9 microcode 0xb4, cx8, cmov, fxsr, ht, mmx, 3dnowpref, sse, sse2, sse3, ssse3, sse4.1, sse4.2, popcnt, lzcnt, tsc, tscinvbit, avx, avx2, aes, erms, clmul, bmi1, bmi2, adx, fma, vzeroupper, clflush, clflushopt

Memory: 4k page, system-wide physical 16336M (655M free)
TotalPageFile size 65488M (AvailPageFile size 6M)
current process WorkingSet (physical memory assigned to process): 203M, peak: 212M
current process commit charge ("private bytes"): 274M, peak: 281M

vm_info: OpenJDK 64-Bit Server VM (17.0.5+8) for windows-amd64 JRE (17.0.5+8), built on Oct 19 2022 04:48:13 by "temurin" with MS VC++ 16.7 (VS2019)

END.
